2020-12-11 05:48:39: Peer 1008 is started
2020-12-11 05:48:42: Peer 1008 HANDSHAKE message sent...
2020-12-11 05:48:42: Peer 1008 HANDSHAKE message sent...
2020-12-11 05:48:42: Peer 1008 attempts to send first HANDSHAKE message to the Peer 1007
2020-12-11 05:48:42: Peer 1008 attempts to send first HANDSHAKE message to the Peer 1006
2020-12-11 05:48:42: Peer 1008 Received HANDSHAKE from the Peer 1007
2020-12-11 05:48:42: Peer 1008 HANDSHAKE message sent...
2020-12-11 05:48:42: Peer 1008 Received HANDSHAKE from the Peer 1006
2020-12-11 05:48:42: Peer 1008 attempts to send first HANDSHAKE message to the Peer 1005
2020-12-11 05:48:42: Peer 1008 Received HANDSHAKE from the Peer 1005
2020-12-11 05:48:42: Peer 1008 HANDSHAKE message sent...
2020-12-11 05:48:42: Peer 1008 attempts to send first HANDSHAKE message to the Peer 1003
2020-12-11 05:48:42: Peer 1008 HANDSHAKE message sent...
2020-12-11 05:48:42: Peer 1008 HANDSHAKE message sent...
2020-12-11 05:48:42: Peer 1008 attempts to send first HANDSHAKE message to the Peer 1004
2020-12-11 05:48:42: Peer 1008 Received HANDSHAKE from the Peer 1003
2020-12-11 05:48:42: Peer 1008 Received HANDSHAKE from the Peer 1004
2020-12-11 05:48:42: Peer 1008 HANDSHAKE message sent...
2020-12-11 05:48:42: Peer 1008 attempts to send first HANDSHAKE message to the Peer 1001
2020-12-11 05:48:42: Peer 1008 Received HANDSHAKE from the Peer 1001
2020-12-11 05:48:42: Peer 1008 attempts to send first HANDSHAKE message to the Peer 1002
2020-12-11 05:48:42: Peer 1008 Received HANDSHAKE from the Peer 1002
2020-12-11 05:48:42: Peer 1008 passing INTERESTED message to the Peer 1007
2020-12-11 05:48:42: Peer 1008 passing INTERESTED message to the Peer 1003
2020-12-11 05:48:42: Peer 1008 passing INTERESTED message to the Peer 1006
2020-12-11 05:48:42: Peer 1008 passing INTERESTED message to the Peer 1005
2020-12-11 05:48:42: Peer 1008 passing INTERESTED message to the Peer 1002
2020-12-11 05:48:42: Peer 1008 passing INTERESTED message to the Peer 1001
2020-12-11 05:48:42: Peer 1008 passing INTERESTED message to the Peer 1004
2020-12-11 05:48:42: Peer 1008 received the HAVE message by Peer 1003
2020-12-11 05:48:42: Peer 1008 passing INTERESTED message to the Peer 1003
2020-12-11 05:48:42: Peer 1008 received the HAVE message by Peer 1007
2020-12-11 05:48:42: Peer 1008 passing INTERESTED message to the Peer 1007
2020-12-11 05:48:42: Peer 1008 received the HAVE message by Peer 1007
2020-12-11 05:48:42: Peer 1008 passing INTERESTED message to the Peer 1007
2020-12-11 05:48:42: Peer 1008 received the HAVE message by Peer 1003
2020-12-11 05:48:42: Peer 1008 passing INTERESTED message to the Peer 1003
2020-12-11 05:48:42: Peer 1008 received the HAVE message by Peer 1003
2020-12-11 05:48:42: Peer 1008 passing INTERESTED message to the Peer 1003
2020-12-11 05:48:42: Peer 1008 UN-CHOKED by Peer 1006
2020-12-11 05:48:43: Peer 1008 UN-CHOKED by Peer 1005
2020-12-11 05:48:43: Peer 1008 UN-CHOKED by Peer 1002
2020-12-11 05:48:43: Peer 1008 CHOKED by Peer 1001
2020-12-11 05:48:43: Peer 1008 received the HAVE message by Peer 1004
2020-12-11 05:48:43: Peer 1008 passing INTERESTED message to the Peer 1004
2020-12-11 05:48:43: Peer 1008 received the HAVE message by Peer 1004
2020-12-11 05:48:43: Peer 1008 passing INTERESTED message to the Peer 1004
2020-12-11 05:48:43: Peer 1008 received the HAVE message by Peer 1004
2020-12-11 05:48:43: Peer 1008 passing INTERESTED message to the Peer 1004
2020-12-11 05:48:43: Peer 1008 received the HAVE message by Peer 1003
2020-12-11 05:48:43: Peer 1008 passing INTERESTED message to the Peer 1003
2020-12-11 05:48:43: Peer 1008 received the HAVE message by Peer 1007
2020-12-11 05:48:43: Peer 1008 passing INTERESTED message to the Peer 1007
2020-12-11 05:48:43: Peer 1008 received the HAVE message by Peer 1007
2020-12-11 05:48:43: Peer 1008 passing INTERESTED message to the Peer 1007
2020-12-11 05:48:43: Peer 1008 received the HAVE message by Peer 1007
2020-12-11 05:48:43: Peer 1008 passing INTERESTED message to the Peer 1007
2020-12-11 05:48:43: Peer 1008 received the piece 0 from Peer 1006. Total pieces holding is 1
2020-12-11 05:48:43: Peer 1008 received the HAVE message by Peer 1007
2020-12-11 05:48:43: Peer 1008 passing INTERESTED message to the Peer 1007
2020-12-11 05:48:43: Peer 1008 received the HAVE message by Peer 1007
2020-12-11 05:48:43: Peer 1008 passing INTERESTED message to the Peer 1007
2020-12-11 05:48:43: Peer 1008 received the HAVE message by Peer 1007
2020-12-11 05:48:43: Peer 1008 passing INTERESTED message to the Peer 1007
2020-12-11 05:48:43: Peer 1008 received the HAVE message by Peer 1003
2020-12-11 05:48:43: Peer 1008 passing INTERESTED message to the Peer 1003
2020-12-11 05:48:43: Peer 1008 received the HAVE message by Peer 1003
2020-12-11 05:48:43: Peer 1008 passing INTERESTED message to the Peer 1003
2020-12-11 05:48:43: Peer 1008 received the HAVE message by Peer 1005
2020-12-11 05:48:43: Peer 1008 passing INTERESTED message to the Peer 1005
2020-12-11 05:48:43: Peer 1008 received the HAVE message by Peer 1005
2020-12-11 05:48:43: Peer 1008 passing INTERESTED message to the Peer 1005
2020-12-11 05:48:43: Peer 1002 Piece has been received before.
2020-12-11 05:48:44: Peer 1008 received the HAVE message by Peer 1004
2020-12-11 05:48:44: Peer 1008 passing INTERESTED message to the Peer 1004
2020-12-11 05:48:44: Peer 1008 received the HAVE message by Peer 1004
2020-12-11 05:48:44: Peer 1008 passing INTERESTED message to the Peer 1004
2020-12-11 05:48:44: Peer 1008 received the HAVE message by Peer 1004
2020-12-11 05:48:44: Peer 1008 passing INTERESTED message to the Peer 1004
2020-12-11 05:48:44: Peer 1008 received the piece 1 from Peer 1006. Total pieces holding is 2
2020-12-11 05:48:44: Peer 1008 received the HAVE message by Peer 1007
2020-12-11 05:48:44: Peer 1008 passing INTERESTED message to the Peer 1007
2020-12-11 05:48:44: Peer 1008 received the HAVE message by Peer 1007
2020-12-11 05:48:44: Peer 1008 passing INTERESTED message to the Peer 1007
2020-12-11 05:48:44: Peer 1008 received the HAVE message by Peer 1007
2020-12-11 05:48:44: Peer 1008 passing INTERESTED message to the Peer 1007
2020-12-11 05:48:44: Peer 1008 received the HAVE message by Peer 1007
2020-12-11 05:48:44: Peer 1008 passing INTERESTED message to the Peer 1007
2020-12-11 05:48:44: Peer 1008 UN-CHOKED by Peer 1003
2020-12-11 05:48:44: Peer 1008 received the HAVE message by Peer 1005
2020-12-11 05:48:44: Peer 1008 passing INTERESTED message to the Peer 1005
2020-12-11 05:48:44: Peer 1002 Piece has been received before.
2020-12-11 05:48:44: Peer 1008 received the HAVE message by Peer 1005
2020-12-11 05:48:44: Peer 1008 passing INTERESTED message to the Peer 1005
2020-12-11 05:48:44: Peer 1008 received the HAVE message by Peer 1005
2020-12-11 05:48:44: Peer 1008 passing INTERESTED message to the Peer 1005
2020-12-11 05:48:44: Peer 1008 received the HAVE message by Peer 1005
2020-12-11 05:48:44: Peer 1008 passing INTERESTED message to the Peer 1005
2020-12-11 05:48:44: Peer 1008 UN-CHOKED by Peer 1004
2020-12-11 05:48:44: Peer 1008 received the piece 2 from Peer 1006. Total pieces holding is 3
2020-12-11 05:48:44: Peer 1008 received the HAVE message by Peer 1007
2020-12-11 05:48:44: Peer 1008 passing INTERESTED message to the Peer 1007
2020-12-11 05:48:44: Peer 1008 received the HAVE message by Peer 1003
2020-12-11 05:48:44: Peer 1008 passing INTERESTED message to the Peer 1003
2020-12-11 05:48:44: Peer 1008 received the HAVE message by Peer 1003
2020-12-11 05:48:44: Peer 1008 passing INTERESTED message to the Peer 1003
2020-12-11 05:48:44: Peer 1008 received the HAVE message by Peer 1007
2020-12-11 05:48:44: Peer 1008 passing INTERESTED message to the Peer 1007
2020-12-11 05:48:44: Peer 1008 received the HAVE message by Peer 1007
2020-12-11 05:48:44: Peer 1008 passing INTERESTED message to the Peer 1007
2020-12-11 05:48:44: Peer 1002 Piece has been received before.
2020-12-11 05:48:44: Peer 1008 received the HAVE message by Peer 1005
2020-12-11 05:48:44: Peer 1008 passing INTERESTED message to the Peer 1005
2020-12-11 05:48:44: Peer 1008 received the HAVE message by Peer 1005
2020-12-11 05:48:44: Peer 1008 passing INTERESTED message to the Peer 1005
2020-12-11 05:48:44: Peer 1008 received the HAVE message by Peer 1005
2020-12-11 05:48:44: Peer 1008 passing INTERESTED message to the Peer 1005
2020-12-11 05:48:44: Peer 1008 received the HAVE message by Peer 1005
2020-12-11 05:48:44: Peer 1008 passing INTERESTED message to the Peer 1005
2020-12-11 05:48:44: Peer 1008 received the HAVE message by Peer 1004
2020-12-11 05:48:44: Peer 1008 passing INTERESTED message to the Peer 1004
2020-12-11 05:48:44: Peer 1008 received the HAVE message by Peer 1004
2020-12-11 05:48:44: Peer 1008 passing INTERESTED message to the Peer 1004
2020-12-11 05:48:44: Peer 1008 established connection successfully
2020-12-11 05:48:44: Peer 1008 attempts to send HANDSHAKE message to the Peer 1009
2020-12-11 05:48:44: Peer 1008 Received HANDSHAKE from the Peer 1009
2020-12-11 05:48:44: Peer 1008 HANDSHAKE acknowledged and TCP connection established.
2020-12-11 05:48:45: Peer 1008 received the piece 3 from Peer 1006. Total pieces holding is 4
2020-12-11 05:48:45: Peer 1008 received a BITFIELD message from Peer 1009
2020-12-11 05:48:45: Peer 1008 passing BITFIELD message to the Peer 1009
2020-12-11 05:48:45: Peer 1008 UN-CHOKED by Peer 1003
2020-12-11 05:48:45: Peer 1008 received the HAVE message by Peer 1007
2020-12-11 05:48:45: Peer 1008 passing INTERESTED message to the Peer 1007
2020-12-11 05:48:45: Peer 1008 received the HAVE message by Peer 1007
2020-12-11 05:48:45: Peer 1008 passing INTERESTED message to the Peer 1007
2020-12-11 05:48:45: Peer 1008 received the HAVE message by Peer 1007
2020-12-11 05:48:45: Peer 1008 passing INTERESTED message to the Peer 1007
2020-12-11 05:48:45: Peer 1002 Piece has been received before.
2020-12-11 05:48:45: Peer 1008 received the HAVE message by Peer 1005
2020-12-11 05:48:45: Peer 1008 passing INTERESTED message to the Peer 1005
2020-12-11 05:48:45: Peer 1008 received the HAVE message by Peer 1005
2020-12-11 05:48:45: Peer 1008 passing INTERESTED message to the Peer 1005
2020-12-11 05:48:45: Peer 1008 received the HAVE message by Peer 1005
2020-12-11 05:48:45: Peer 1008 passing INTERESTED message to the Peer 1005
2020-12-11 05:48:45: Peer 1008 received the HAVE message by Peer 1004
2020-12-11 05:48:45: Peer 1008 passing INTERESTED message to the Peer 1004
2020-12-11 05:48:45: Peer 1008 received the HAVE message by Peer 1004
2020-12-11 05:48:45: Peer 1008 passing INTERESTED message to the Peer 1004
2020-12-11 05:48:45: Peer 1008 received the HAVE message by Peer 1004
2020-12-11 05:48:45: Peer 1008 passing INTERESTED message to the Peer 1004
2020-12-11 05:48:45: Peer 1008 received an INTERESTED message from Peer 1009
2020-12-11 05:48:45: Peer 1008 passing UNCHOKE message to the Peer 1009
2020-12-11 05:48:45: Peer 1008 received the piece 4 from Peer 1006. Total pieces holding is 5
2020-12-11 05:48:45: Peer 1008 passing HAVE message to the Peer 1009
2020-12-11 05:48:45: Peer 1008 received the HAVE message by Peer 1003
2020-12-11 05:48:45: Peer 1008 passing INTERESTED message to the Peer 1003
2020-12-11 05:48:45: Peer 1008 received the HAVE message by Peer 1007
2020-12-11 05:48:45: Peer 1008 passing INTERESTED message to the Peer 1007
2020-12-11 05:48:45: Peer 1008 received the HAVE message by Peer 1007
2020-12-11 05:48:45: Peer 1008 passing INTERESTED message to the Peer 1007
2020-12-11 05:48:45: Peer 1008 received the HAVE message by Peer 1007
2020-12-11 05:48:45: Peer 1008 passing INTERESTED message to the Peer 1007
2020-12-11 05:48:45: Peer 1002 Piece has been received before.
2020-12-11 05:48:45: Peer 1008 passing HAVE message to the Peer 1009
2020-12-11 05:48:45: Peer 1008 received the HAVE message by Peer 1005
2020-12-11 05:48:45: Peer 1008 passing INTERESTED message to the Peer 1005
2020-12-11 05:48:45: Peer 1008 received the HAVE message by Peer 1005
2020-12-11 05:48:45: Peer 1008 passing INTERESTED message to the Peer 1005
2020-12-11 05:48:45: Peer 1008 received the HAVE message by Peer 1005
2020-12-11 05:48:45: Peer 1008 passing INTERESTED message to the Peer 1005
2020-12-11 05:48:45: Peer 1008 received the HAVE message by Peer 1004
2020-12-11 05:48:45: Peer 1008 passing INTERESTED message to the Peer 1004
2020-12-11 05:48:45: Peer 1008 received the HAVE message by Peer 1004
2020-12-11 05:48:45: Peer 1008 passing INTERESTED message to the Peer 1004
2020-12-11 05:48:46: Peer 1008 passing INTERESTED message to the Peer 1001
2020-12-11 05:48:46: Peer 1008 received the HAVE message by Peer 1001
2020-12-11 05:48:46: Peer 1008 passing INTERESTED message to the Peer 1001
2020-12-11 05:48:46: Peer 1008 received an INTERESTED message from Peer 1009
2020-12-11 05:48:46: Peer 1008 passing UNCHOKE message to the Peer 1009
2020-12-11 05:48:46: Peer 1008 received the piece 5 from Peer 1006. Total pieces holding is 6
2020-12-11 05:48:46: Peer 1008 passing HAVE message to the Peer 1009
2020-12-11 05:48:46: Peer 1008 UN-CHOKED by Peer 1003
2020-12-11 05:48:46: Peer 1008 received the HAVE message by Peer 1007
2020-12-11 05:48:46: Peer 1008 passing INTERESTED message to the Peer 1007
2020-12-11 05:48:46: Peer 1008 received the HAVE message by Peer 1007
2020-12-11 05:48:46: Peer 1008 passing INTERESTED message to the Peer 1007
2020-12-11 05:48:46: Peer 1008 received the HAVE message by Peer 1007
2020-12-11 05:48:46: Peer 1008 passing INTERESTED message to the Peer 1007
2020-12-11 05:48:46: Peer 1002 Piece has been received before.
2020-12-11 05:48:46: Peer 1008 passing HAVE message to the Peer 1009
2020-12-11 05:48:46: Peer 1008 received the HAVE message by Peer 1005
2020-12-11 05:48:46: Peer 1008 passing INTERESTED message to the Peer 1005
2020-12-11 05:48:46: Peer 1008 received the HAVE message by Peer 1005
2020-12-11 05:48:46: Peer 1008 passing INTERESTED message to the Peer 1005
2020-12-11 05:48:46: Peer 1008 UN-CHOKED by Peer 1004
2020-12-11 05:48:46: Peer 1008 received an INTERESTED message from Peer 1009
2020-12-11 05:48:46: Peer 1008 passing UNCHOKE message to the Peer 1009
2020-12-11 05:48:46: Peer 1008 received the piece 6 from Peer 1006. Total pieces holding is 7
2020-12-11 05:48:46: Peer 1008 passing HAVE message to the Peer 1009
2020-12-11 05:48:46: Peer 1008 received an INTERESTED message from Peer 1009
2020-12-11 05:48:46: Peer 1008 passing UNCHOKE message to the Peer 1009
2020-12-11 05:48:46: Peer 1003 Piece has been received before.
2020-12-11 05:48:46: Peer 1008 passing HAVE message to the Peer 1009
2020-12-11 05:48:46: Peer 1008 received the HAVE message by Peer 1007
2020-12-11 05:48:46: Peer 1008 passing INTERESTED message to the Peer 1007
2020-12-11 05:48:46: Peer 1008 received the HAVE message by Peer 1007
2020-12-11 05:48:46: Peer 1008 passing INTERESTED message to the Peer 1007
2020-12-11 05:48:46: Peer 1008 received the HAVE message by Peer 1007
2020-12-11 05:48:46: Peer 1008 passing INTERESTED message to the Peer 1007
2020-12-11 05:48:46: Peer 1002 Piece has been received before.
2020-12-11 05:48:46: Peer 1008 passing HAVE message to the Peer 1009
2020-12-11 05:48:46: Peer 1008 UN-CHOKED by Peer 1001
2020-12-11 05:48:46: Peer 1008 received the HAVE message by Peer 1005
2020-12-11 05:48:46: Peer 1008 passing INTERESTED message to the Peer 1005
2020-12-11 05:48:46: Peer 1008 received the HAVE message by Peer 1005
2020-12-11 05:48:46: Peer 1008 passing INTERESTED message to the Peer 1005
2020-12-11 05:48:46: Peer 1008 received the HAVE message by Peer 1005
2020-12-11 05:48:46: Peer 1008 passing INTERESTED message to the Peer 1005
2020-12-11 05:48:46: Peer 1008 received the HAVE message by Peer 1005
2020-12-11 05:48:46: Peer 1008 passing INTERESTED message to the Peer 1005
2020-12-11 05:48:46: Peer 1004 Piece has been received before.
2020-12-11 05:48:46: Peer 1008 passing HAVE message to the Peer 1009
2020-12-11 05:48:47: Peer 1008 received the piece 7 from Peer 1006. Total pieces holding is 8
2020-12-11 05:48:47: Peer 1008 passing HAVE message to the Peer 1009
2020-12-11 05:48:47: Peer 1003 Piece has been received before.
2020-12-11 05:48:47: Peer 1008 passing HAVE message to the Peer 1009
2020-12-11 05:48:47: Peer 1008 received an INTERESTED message from Peer 1009
2020-12-11 05:48:47: Peer 1008 passing UNCHOKE message to the Peer 1009
2020-12-11 05:48:47: Peer 1008 received the HAVE message by Peer 1007
2020-12-11 05:48:47: Peer 1008 passing INTERESTED message to the Peer 1007
2020-12-11 05:48:47: Peer 1008 received the HAVE message by Peer 1007
2020-12-11 05:48:47: Peer 1008 passing INTERESTED message to the Peer 1007
2020-12-11 05:48:47: Peer 1002 Piece has been received before.
2020-12-11 05:48:47: Peer 1008 passing HAVE message to the Peer 1009
2020-12-11 05:48:47: Peer 1008 received the HAVE message by Peer 1007
2020-12-11 05:48:47: Peer 1008 passing INTERESTED message to the Peer 1007
2020-12-11 05:48:47: Peer 1008 received the HAVE message by Peer 1007
2020-12-11 05:48:47: Peer 1008 passing INTERESTED message to the Peer 1007
2020-12-11 05:48:47: Peer 1008 received the HAVE message by Peer 1007
2020-12-11 05:48:47: Peer 1008 passing INTERESTED message to the Peer 1007
2020-12-11 05:48:47: Peer 1008 received the HAVE message by Peer 1007
2020-12-11 05:48:47: Peer 1008 passing INTERESTED message to the Peer 1007
2020-12-11 05:48:47: Peer 1008 received the HAVE message by Peer 1007
2020-12-11 05:48:47: Peer 1008 passing INTERESTED message to the Peer 1007
2020-12-11 05:48:47: Peer 1001 Piece has been received before.
2020-12-11 05:48:47: Peer 1008 passing HAVE message to the Peer 1009
2020-12-11 05:48:47: Peer 1008 received the HAVE message by Peer 1005
2020-12-11 05:48:47: Peer 1008 passing INTERESTED message to the Peer 1005
2020-12-11 05:48:47: Peer 1008 received the HAVE message by Peer 1005
2020-12-11 05:48:47: Peer 1008 passing INTERESTED message to the Peer 1005
2020-12-11 05:48:47: Peer 1008 received the HAVE message by Peer 1005
2020-12-11 05:48:47: Peer 1008 passing INTERESTED message to the Peer 1005
2020-12-11 05:48:47: Peer 1004 Piece has been received before.
2020-12-11 05:48:47: Peer 1008 passing HAVE message to the Peer 1009
2020-12-11 05:48:47: Peer 1008 received the HAVE message by Peer 1005
2020-12-11 05:48:47: Peer 1008 passing INTERESTED message to the Peer 1005
2020-12-11 05:48:47: Peer 1008 received the HAVE message by Peer 1005
2020-12-11 05:48:47: Peer 1008 passing INTERESTED message to the Peer 1005
2020-12-11 05:48:47: Peer 1008 received the piece 8 from Peer 1006. Total pieces holding is 9
2020-12-11 05:48:47: Peer 1008 passing HAVE message to the Peer 1009
2020-12-11 05:48:47: Peer 1003 Piece has been received before.
2020-12-11 05:48:47: Peer 1008 passing HAVE message to the Peer 1009
2020-12-11 05:48:47: Peer 1008 received an INTERESTED message from Peer 1009
2020-12-11 05:48:47: Peer 1008 passing UNCHOKE message to the Peer 1009
2020-12-11 05:48:47: Peer 1002 Piece has been received before.
2020-12-11 05:48:47: Peer 1008 passing HAVE message to the Peer 1009
2020-12-11 05:48:47: Peer 1008 received the HAVE message by Peer 1007
2020-12-11 05:48:47: Peer 1008 passing INTERESTED message to the Peer 1007
2020-12-11 05:48:47: Peer 1008 received the HAVE message by Peer 1007
2020-12-11 05:48:47: Peer 1008 passing INTERESTED message to the Peer 1007
2020-12-11 05:48:47: Peer 1008 received the HAVE message by Peer 1007
2020-12-11 05:48:47: Peer 1008 passing INTERESTED message to the Peer 1007
2020-12-11 05:48:47: Peer 1008 received the HAVE message by Peer 1007
2020-12-11 05:48:47: Peer 1008 passing INTERESTED message to the Peer 1007
2020-12-11 05:48:47: Peer 1008 received the HAVE message by Peer 1007
2020-12-11 05:48:47: Peer 1008 passing INTERESTED message to the Peer 1007
2020-12-11 05:48:47: Peer 1008 received the HAVE message by Peer 1007
2020-12-11 05:48:47: Peer 1008 passing INTERESTED message to the Peer 1007
2020-12-11 05:48:47: Peer 1001 Piece has been received before.
2020-12-11 05:48:47: Peer 1008 passing HAVE message to the Peer 1009
2020-12-11 05:48:47: Peer 1004 Piece has been received before.
2020-12-11 05:48:47: Peer 1008 passing HAVE message to the Peer 1009
2020-12-11 05:48:47: Peer 1008 received the HAVE message by Peer 1005
2020-12-11 05:48:47: Peer 1008 passing INTERESTED message to the Peer 1005
2020-12-11 05:48:47: Peer 1008 received the HAVE message by Peer 1005
2020-12-11 05:48:47: Peer 1008 passing INTERESTED message to the Peer 1005
2020-12-11 05:48:47: Peer 1008 received the HAVE message by Peer 1005
2020-12-11 05:48:47: Peer 1008 passing INTERESTED message to the Peer 1005
2020-12-11 05:48:48: Peer 1008 received the piece 9 from Peer 1006. Total pieces holding is 10
2020-12-11 05:48:48: Peer 1008 passing HAVE message to the Peer 1009
2020-12-11 05:48:48: Peer 1003 Piece has been received before.
2020-12-11 05:48:48: Peer 1008 passing HAVE message to the Peer 1009
2020-12-11 05:48:48: Peer 1002 Piece has been received before.
2020-12-11 05:48:48: Peer 1008 passing HAVE message to the Peer 1009
2020-12-11 05:48:48: Peer 1008 received an INTERESTED message from Peer 1009
2020-12-11 05:48:48: Peer 1008 passing UNCHOKE message to the Peer 1009
2020-12-11 05:48:48: Peer 1008 received the HAVE message by Peer 1007
2020-12-11 05:48:48: Peer 1008 passing INTERESTED message to the Peer 1007
2020-12-11 05:48:48: Peer 1008 received the HAVE message by Peer 1007
2020-12-11 05:48:48: Peer 1008 passing INTERESTED message to the Peer 1007
2020-12-11 05:48:48: Peer 1008 received the HAVE message by Peer 1007
2020-12-11 05:48:48: Peer 1008 passing INTERESTED message to the Peer 1007
2020-12-11 05:48:48: Peer 1008 received the HAVE message by Peer 1007
2020-12-11 05:48:48: Peer 1008 passing INTERESTED message to the Peer 1007
2020-12-11 05:48:48: Peer 1008 received the HAVE message by Peer 1007
2020-12-11 05:48:48: Peer 1008 passing INTERESTED message to the Peer 1007
2020-12-11 05:48:48: Peer 1001 Piece has been received before.
2020-12-11 05:48:48: Peer 1008 passing HAVE message to the Peer 1009
2020-12-11 05:48:48: Peer 1008 received the HAVE message by Peer 1007
2020-12-11 05:48:48: Peer 1008 passing INTERESTED message to the Peer 1007
2020-12-11 05:48:48: Peer 1008 received the HAVE message by Peer 1007
2020-12-11 05:48:48: Peer 1008 passing INTERESTED message to the Peer 1007
2020-12-11 05:48:48: Peer 1004 Piece has been received before.
2020-12-11 05:48:48: Peer 1008 passing HAVE message to the Peer 1009
2020-12-11 05:48:48: Peer 1008 received the HAVE message by Peer 1005
2020-12-11 05:48:48: Peer 1008 passing INTERESTED message to the Peer 1005
2020-12-11 05:48:48: Peer 1008 received the HAVE message by Peer 1005
2020-12-11 05:48:48: Peer 1008 passing INTERESTED message to the Peer 1005
2020-12-11 05:48:48: Peer 1008 received the HAVE message by Peer 1005
2020-12-11 05:48:48: Peer 1008 passing INTERESTED message to the Peer 1005
2020-12-11 05:48:48: Peer 1008 received the piece 10 from Peer 1006. Total pieces holding is 11
2020-12-11 05:48:48: Peer 1008 passing HAVE message to the Peer 1009
2020-12-11 05:48:48: Peer 1003 Piece has been received before.
2020-12-11 05:48:48: Peer 1008 passing HAVE message to the Peer 1009
2020-12-11 05:48:48: Peer 1002 Piece has been received before.
2020-12-11 05:48:48: Peer 1008 passing HAVE message to the Peer 1009
2020-12-11 05:48:48: Peer 1008 received an INTERESTED message from Peer 1009
2020-12-11 05:48:48: Peer 1008 passing UNCHOKE message to the Peer 1009
2020-12-11 05:48:48: Peer 1001 Piece has been received before.
2020-12-11 05:48:48: Peer 1008 passing HAVE message to the Peer 1009
2020-12-11 05:48:48: Peer 1008 received the HAVE message by Peer 1007
2020-12-11 05:48:48: Peer 1008 passing INTERESTED message to the Peer 1007
2020-12-11 05:48:48: Peer 1008 received the HAVE message by Peer 1007
2020-12-11 05:48:48: Peer 1008 passing INTERESTED message to the Peer 1007
2020-12-11 05:48:48: Peer 1008 received the HAVE message by Peer 1007
2020-12-11 05:48:48: Peer 1008 passing INTERESTED message to the Peer 1007
2020-12-11 05:48:48: Peer 1008 received the HAVE message by Peer 1007
2020-12-11 05:48:48: Peer 1008 passing INTERESTED message to the Peer 1007
2020-12-11 05:48:48: Peer 1008 received the HAVE message by Peer 1007
2020-12-11 05:48:48: Peer 1008 passing INTERESTED message to the Peer 1007
2020-12-11 05:48:48: Peer 1008 received the HAVE message by Peer 1007
2020-12-11 05:48:48: Peer 1008 passing INTERESTED message to the Peer 1007
2020-12-11 05:48:48: Peer 1004 Piece has been received before.
2020-12-11 05:48:48: Peer 1008 passing HAVE message to the Peer 1009
2020-12-11 05:48:48: Peer 1008 received the HAVE message by Peer 1005
2020-12-11 05:48:48: Peer 1008 passing INTERESTED message to the Peer 1005
2020-12-11 05:48:48: Peer 1008 received the HAVE message by Peer 1005
2020-12-11 05:48:48: Peer 1008 passing INTERESTED message to the Peer 1005
2020-12-11 05:48:48: Peer 1008 received the HAVE message by Peer 1005
2020-12-11 05:48:48: Peer 1008 passing INTERESTED message to the Peer 1005
2020-12-11 05:48:48: Peer 1008 received the piece 11 from Peer 1006. Total pieces holding is 12
2020-12-11 05:48:48: Peer 1008 passing HAVE message to the Peer 1009
2020-12-11 05:48:49: Peer 1003 Piece has been received before.
2020-12-11 05:48:49: Peer 1008 passing HAVE message to the Peer 1009
2020-12-11 05:48:49: Peer 1002 Piece has been received before.
2020-12-11 05:48:49: Peer 1008 passing HAVE message to the Peer 1009
2020-12-11 05:48:49: Peer 1001 Piece has been received before.
2020-12-11 05:48:49: Peer 1008 passing HAVE message to the Peer 1009
2020-12-11 05:48:49: Peer 1008 received an INTERESTED message from Peer 1009
2020-12-11 05:48:49: Peer 1008 passing UNCHOKE message to the Peer 1009
2020-12-11 05:48:49: Peer 1008 received the HAVE message by Peer 1007
2020-12-11 05:48:49: Peer 1008 passing INTERESTED message to the Peer 1007
2020-12-11 05:48:49: Peer 1008 received the HAVE message by Peer 1007
2020-12-11 05:48:49: Peer 1008 passing INTERESTED message to the Peer 1007
2020-12-11 05:48:49: Peer 1008 received the HAVE message by Peer 1007
2020-12-11 05:48:49: Peer 1008 passing INTERESTED message to the Peer 1007
2020-12-11 05:48:49: Peer 1008 received the HAVE message by Peer 1007
2020-12-11 05:48:49: Peer 1008 passing INTERESTED message to the Peer 1007
2020-12-11 05:48:49: Peer 1008 received the HAVE message by Peer 1007
2020-12-11 05:48:49: Peer 1008 passing INTERESTED message to the Peer 1007
2020-12-11 05:48:49: Peer 1008 received the HAVE message by Peer 1007
2020-12-11 05:48:49: Peer 1008 passing INTERESTED message to the Peer 1007
2020-12-11 05:48:49: Peer 1004 Piece has been received before.
2020-12-11 05:48:49: Peer 1008 passing HAVE message to the Peer 1009
2020-12-11 05:48:49: Peer 1008 received the HAVE message by Peer 1005
2020-12-11 05:48:49: Peer 1008 passing INTERESTED message to the Peer 1005
2020-12-11 05:48:49: Peer 1008 received the HAVE message by Peer 1005
2020-12-11 05:48:49: Peer 1008 passing INTERESTED message to the Peer 1005
2020-12-11 05:48:49: Peer 1008 received the piece 12 from Peer 1006. Total pieces holding is 13
2020-12-11 05:48:49: Peer 1008 passing HAVE message to the Peer 1009
2020-12-11 05:48:49: Peer 1003 Piece has been received before.
2020-12-11 05:48:49: Peer 1008 passing HAVE message to the Peer 1009
2020-12-11 05:48:49: Peer 1002 Piece has been received before.
2020-12-11 05:48:49: Peer 1008 passing HAVE message to the Peer 1009
2020-12-11 05:48:49: Peer 1001 Piece has been received before.
2020-12-11 05:48:49: Peer 1008 passing HAVE message to the Peer 1009
2020-12-11 05:48:49: Peer 1008 received an INTERESTED message from Peer 1009
2020-12-11 05:48:49: Peer 1008 passing UNCHOKE message to the Peer 1009
2020-12-11 05:48:49: Peer 1008 received the HAVE message by Peer 1007
2020-12-11 05:48:49: Peer 1008 passing INTERESTED message to the Peer 1007
2020-12-11 05:48:49: Peer 1008 received the HAVE message by Peer 1007
2020-12-11 05:48:49: Peer 1008 passing INTERESTED message to the Peer 1007
2020-12-11 05:48:49: Peer 1008 received the HAVE message by Peer 1007
2020-12-11 05:48:49: Peer 1008 passing INTERESTED message to the Peer 1007
2020-12-11 05:48:49: Peer 1008 received the HAVE message by Peer 1007
2020-12-11 05:48:49: Peer 1008 passing INTERESTED message to the Peer 1007
2020-12-11 05:48:49: Peer 1008 received the HAVE message by Peer 1007
2020-12-11 05:48:49: Peer 1008 passing INTERESTED message to the Peer 1007
2020-12-11 05:48:49: Peer 1008 received the HAVE message by Peer 1007
2020-12-11 05:48:49: Peer 1008 passing INTERESTED message to the Peer 1007
2020-12-11 05:48:49: Peer 1004 Piece has been received before.
2020-12-11 05:48:49: Peer 1008 passing HAVE message to the Peer 1009
2020-12-11 05:48:49: Peer 1008 received the HAVE message by Peer 1005
2020-12-11 05:48:49: Peer 1008 passing INTERESTED message to the Peer 1005
2020-12-11 05:48:49: Peer 1008 received the HAVE message by Peer 1005
2020-12-11 05:48:49: Peer 1008 passing INTERESTED message to the Peer 1005
2020-12-11 05:48:49: Peer 1008 received the piece 13 from Peer 1006. Total pieces holding is 14
2020-12-11 05:48:49: Peer 1008 passing HAVE message to the Peer 1009
2020-12-11 05:48:50: Peer 1003 Piece has been received before.
2020-12-11 05:48:50: Peer 1008 passing HAVE message to the Peer 1009
2020-12-11 05:48:50: Peer 1002 Piece has been received before.
2020-12-11 05:48:50: Peer 1008 passing HAVE message to the Peer 1009
2020-12-11 05:48:50: Peer 1001 Piece has been received before.
2020-12-11 05:48:50: Peer 1008 passing HAVE message to the Peer 1009
2020-12-11 05:48:50: Peer 1008 received an INTERESTED message from Peer 1009
2020-12-11 05:48:50: Peer 1008 passing UNCHOKE message to the Peer 1009
2020-12-11 05:48:50: Peer 1008 received the HAVE message by Peer 1007
2020-12-11 05:48:50: Peer 1008 passing INTERESTED message to the Peer 1007
2020-12-11 05:48:50: Peer 1008 received the HAVE message by Peer 1007
2020-12-11 05:48:50: Peer 1008 passing INTERESTED message to the Peer 1007
2020-12-11 05:48:50: Peer 1008 received the HAVE message by Peer 1007
2020-12-11 05:48:50: Peer 1008 passing INTERESTED message to the Peer 1007
2020-12-11 05:48:50: Peer 1008 received the HAVE message by Peer 1007
2020-12-11 05:48:50: Peer 1008 passing INTERESTED message to the Peer 1007
2020-12-11 05:48:50: Peer 1008 received the HAVE message by Peer 1007
2020-12-11 05:48:50: Peer 1008 passing INTERESTED message to the Peer 1007
2020-12-11 05:48:50: Peer 1008 received the HAVE message by Peer 1007
2020-12-11 05:48:50: Peer 1008 passing INTERESTED message to the Peer 1007
2020-12-11 05:48:50: Peer 1008 received the HAVE message by Peer 1004
2020-12-11 05:48:50: Peer 1008 passing INTERESTED message to the Peer 1004
2020-12-11 05:48:50: Peer 1008 received the HAVE message by Peer 1004
2020-12-11 05:48:50: Peer 1008 passing INTERESTED message to the Peer 1004
2020-12-11 05:48:50: Peer 1008 received the HAVE message by Peer 1005
2020-12-11 05:48:50: Peer 1008 passing INTERESTED message to the Peer 1005
2020-12-11 05:48:50: Peer 1008 received the HAVE message by Peer 1005
2020-12-11 05:48:50: Peer 1008 passing INTERESTED message to the Peer 1005
2020-12-11 05:48:50: Peer 1008 received the piece 14 from Peer 1006. Total pieces holding is 15
2020-12-11 05:48:50: Peer 1008 passing HAVE message to the Peer 1009
2020-12-11 05:48:51: Peer 1003 Piece has been received before.
2020-12-11 05:48:51: Peer 1008 passing HAVE message to the Peer 1009
2020-12-11 05:48:51: Peer 1002 Piece has been received before.
2020-12-11 05:48:51: Peer 1008 passing HAVE message to the Peer 1009
2020-12-11 05:48:51: Peer 1001 Piece has been received before.
2020-12-11 05:48:51: Peer 1008 passing HAVE message to the Peer 1009
2020-12-11 05:48:51: Peer 1008 received an INTERESTED message from Peer 1009
2020-12-11 05:48:51: Peer 1008 passing UNCHOKE message to the Peer 1009
2020-12-11 05:48:51: Peer 1008 received the HAVE message by Peer 1007
2020-12-11 05:48:51: Peer 1008 passing INTERESTED message to the Peer 1007
2020-12-11 05:48:51: Peer 1008 received the HAVE message by Peer 1007
2020-12-11 05:48:51: Peer 1008 passing INTERESTED message to the Peer 1007
2020-12-11 05:48:51: Peer 1008 received the HAVE message by Peer 1007
2020-12-11 05:48:51: Peer 1008 passing INTERESTED message to the Peer 1007
2020-12-11 05:48:51: Peer 1008 received the HAVE message by Peer 1007
2020-12-11 05:48:51: Peer 1008 passing INTERESTED message to the Peer 1007
2020-12-11 05:48:51: Peer 1008 received the HAVE message by Peer 1007
2020-12-11 05:48:51: Peer 1008 passing INTERESTED message to the Peer 1007
2020-12-11 05:48:51: Peer 1008 received the HAVE message by Peer 1004
2020-12-11 05:48:51: Peer 1008 passing INTERESTED message to the Peer 1004
2020-12-11 05:48:51: Peer 1008 received the HAVE message by Peer 1004
2020-12-11 05:48:51: Peer 1008 passing INTERESTED message to the Peer 1004
2020-12-11 05:48:51: Peer 1008 UN-CHOKED by Peer 1005
2020-12-11 05:48:51: Peer 1008 received the piece 15 from Peer 1006. Total pieces holding is 16
2020-12-11 05:48:51: Peer 1008 passing HAVE message to the Peer 1009
2020-12-11 05:48:51: Peer 1003 Piece has been received before.
2020-12-11 05:48:51: Peer 1008 passing HAVE message to the Peer 1009
2020-12-11 05:48:51: Peer 1002 Piece has been received before.
2020-12-11 05:48:51: Peer 1008 passing HAVE message to the Peer 1009
2020-12-11 05:48:51: Peer 1001 Piece has been received before.
2020-12-11 05:48:51: Peer 1008 passing HAVE message to the Peer 1009
2020-12-11 05:48:51: Peer 1008 received an INTERESTED message from Peer 1009
2020-12-11 05:48:51: Peer 1008 passing UNCHOKE message to the Peer 1009
2020-12-11 05:48:51: Peer 1008 received the HAVE message by Peer 1007
2020-12-11 05:48:51: Peer 1008 passing INTERESTED message to the Peer 1007
2020-12-11 05:48:51: Peer 1008 received the HAVE message by Peer 1007
2020-12-11 05:48:51: Peer 1008 passing INTERESTED message to the Peer 1007
2020-12-11 05:48:51: Peer 1008 received the HAVE message by Peer 1007
2020-12-11 05:48:51: Peer 1008 passing INTERESTED message to the Peer 1007
2020-12-11 05:48:51: Peer 1008 received the HAVE message by Peer 1007
2020-12-11 05:48:51: Peer 1008 passing INTERESTED message to the Peer 1007
2020-12-11 05:48:51: Peer 1008 received the HAVE message by Peer 1007
2020-12-11 05:48:51: Peer 1008 passing INTERESTED message to the Peer 1007
2020-12-11 05:48:51: Peer 1008 UN-CHOKED by Peer 1004
2020-12-11 05:48:51: Peer 1005 Piece has been received before.
2020-12-11 05:48:51: Peer 1008 passing HAVE message to the Peer 1009
2020-12-11 05:48:51: Peer 1008 received the piece 16 from Peer 1006. Total pieces holding is 17
2020-12-11 05:48:51: Peer 1008 passing HAVE message to the Peer 1009
2020-12-11 05:48:51: Peer 1003 Piece has been received before.
2020-12-11 05:48:51: Peer 1008 passing HAVE message to the Peer 1009
2020-12-11 05:48:52: Peer 1002 Piece has been received before.
2020-12-11 05:48:52: Peer 1008 passing HAVE message to the Peer 1009
2020-12-11 05:48:52: Peer 1001 Piece has been received before.
2020-12-11 05:48:52: Peer 1008 passing HAVE message to the Peer 1009
2020-12-11 05:48:52: Peer 1008 received the HAVE message by Peer 1007
2020-12-11 05:48:52: Peer 1008 passing INTERESTED message to the Peer 1007
2020-12-11 05:48:52: Peer 1008 received an INTERESTED message from Peer 1009
2020-12-11 05:48:52: Peer 1008 passing UNCHOKE message to the Peer 1009
2020-12-11 05:48:52: Peer 1008 received the HAVE message by Peer 1007
2020-12-11 05:48:52: Peer 1008 passing INTERESTED message to the Peer 1007
2020-12-11 05:48:52: Peer 1008 received the HAVE message by Peer 1007
2020-12-11 05:48:52: Peer 1008 passing INTERESTED message to the Peer 1007
2020-12-11 05:48:52: Peer 1008 received the HAVE message by Peer 1007
2020-12-11 05:48:52: Peer 1008 passing INTERESTED message to the Peer 1007
2020-12-11 05:48:52: Peer 1008 received the HAVE message by Peer 1007
2020-12-11 05:48:52: Peer 1008 passing INTERESTED message to the Peer 1007
2020-12-11 05:48:52: Peer 1008 received the HAVE message by Peer 1007
2020-12-11 05:48:52: Peer 1008 passing INTERESTED message to the Peer 1007
2020-12-11 05:48:52: Peer 1008 received the HAVE message by Peer 1004
2020-12-11 05:48:52: Peer 1008 passing INTERESTED message to the Peer 1004
2020-12-11 05:48:52: Peer 1008 received the HAVE message by Peer 1004
2020-12-11 05:48:52: Peer 1008 passing INTERESTED message to the Peer 1004
2020-12-11 05:48:52: Peer 1005 Piece has been received before.
2020-12-11 05:48:52: Peer 1008 passing HAVE message to the Peer 1009
2020-12-11 05:48:52: Peer 1008 received the piece 17 from Peer 1006. Total pieces holding is 18
2020-12-11 05:48:52: Peer 1008 passing HAVE message to the Peer 1009
2020-12-11 05:48:52: Peer 1003 Piece has been received before.
2020-12-11 05:48:52: Peer 1008 passing HAVE message to the Peer 1009
2020-12-11 05:48:52: Peer 1002 Piece has been received before.
2020-12-11 05:48:52: Peer 1008 passing HAVE message to the Peer 1009
2020-12-11 05:48:52: Peer 1001 Piece has been received before.
2020-12-11 05:48:52: Peer 1008 passing HAVE message to the Peer 1009
2020-12-11 05:48:52: Peer 1008 received the HAVE message by Peer 1007
2020-12-11 05:48:52: Peer 1008 passing INTERESTED message to the Peer 1007
2020-12-11 05:48:52: Peer 1008 received the HAVE message by Peer 1007
2020-12-11 05:48:52: Peer 1008 passing INTERESTED message to the Peer 1007
2020-12-11 05:48:52: Peer 1008 received the HAVE message by Peer 1007
2020-12-11 05:48:52: Peer 1008 passing INTERESTED message to the Peer 1007
2020-12-11 05:48:52: Peer 1008 received the HAVE message by Peer 1007
2020-12-11 05:48:52: Peer 1008 passing INTERESTED message to the Peer 1007
2020-12-11 05:48:52: Peer 1008 received the HAVE message by Peer 1007
2020-12-11 05:48:52: Peer 1008 passing INTERESTED message to the Peer 1007
2020-12-11 05:48:52: Peer 1008 received an INTERESTED message from Peer 1009
2020-12-11 05:48:52: Peer 1008 passing UNCHOKE message to the Peer 1009
2020-12-11 05:48:52: Peer 1008 received the HAVE message by Peer 1007
2020-12-11 05:48:52: Peer 1008 passing INTERESTED message to the Peer 1007
2020-12-11 05:48:52: Peer 1008 received the HAVE message by Peer 1004
2020-12-11 05:48:52: Peer 1008 passing INTERESTED message to the Peer 1004
2020-12-11 05:48:52: Peer 1008 received the HAVE message by Peer 1004
2020-12-11 05:48:52: Peer 1008 passing INTERESTED message to the Peer 1004
2020-12-11 05:48:52: Peer 1008 received the HAVE message by Peer 1004
2020-12-11 05:48:52: Peer 1008 passing INTERESTED message to the Peer 1004
2020-12-11 05:48:52: Peer 1005 Piece has been received before.
2020-12-11 05:48:52: Peer 1008 passing HAVE message to the Peer 1009
2020-12-11 05:48:52: Peer 1008 received the piece 18 from Peer 1006. Total pieces holding is 19
2020-12-11 05:48:52: Peer 1008 passing HAVE message to the Peer 1009
2020-12-11 05:48:52: Peer 1003 Piece has been received before.
2020-12-11 05:48:52: Peer 1008 passing HAVE message to the Peer 1009
2020-12-11 05:48:52: Peer 1002 Piece has been received before.
2020-12-11 05:48:52: Peer 1008 passing HAVE message to the Peer 1009
2020-12-11 05:48:53: Peer 1001 Piece has been received before.
2020-12-11 05:48:53: Peer 1008 passing HAVE message to the Peer 1009
2020-12-11 05:48:53: Peer 1008 received the HAVE message by Peer 1007
2020-12-11 05:48:53: Peer 1008 passing INTERESTED message to the Peer 1007
2020-12-11 05:48:53: Peer 1008 received the HAVE message by Peer 1007
2020-12-11 05:48:53: Peer 1008 passing INTERESTED message to the Peer 1007
2020-12-11 05:48:53: Peer 1008 received the HAVE message by Peer 1007
2020-12-11 05:48:53: Peer 1008 passing INTERESTED message to the Peer 1007
2020-12-11 05:48:53: Peer 1008 received the HAVE message by Peer 1007
2020-12-11 05:48:53: Peer 1008 passing INTERESTED message to the Peer 1007
2020-12-11 05:48:53: Peer 1008 received the HAVE message by Peer 1007
2020-12-11 05:48:53: Peer 1008 passing INTERESTED message to the Peer 1007
2020-12-11 05:48:53: Peer 1008 received the HAVE message by Peer 1007
2020-12-11 05:48:53: Peer 1008 passing INTERESTED message to the Peer 1007
2020-12-11 05:48:53: Peer 1008 received the HAVE message by Peer 1004
2020-12-11 05:48:53: Peer 1008 passing INTERESTED message to the Peer 1004
2020-12-11 05:48:53: Peer 1008 received the HAVE message by Peer 1004
2020-12-11 05:48:53: Peer 1008 passing INTERESTED message to the Peer 1004
2020-12-11 05:48:53: Peer 1008 received the HAVE message by Peer 1004
2020-12-11 05:48:53: Peer 1008 passing INTERESTED message to the Peer 1004
2020-12-11 05:48:53: Peer 1008 received an INTERESTED message from Peer 1009
2020-12-11 05:48:53: Peer 1008 passing UNCHOKE message to the Peer 1009
2020-12-11 05:48:53: Peer 1005 Piece has been received before.
2020-12-11 05:48:53: Peer 1008 passing HAVE message to the Peer 1009
2020-12-11 05:48:53: Peer 1008 received the piece 19 from Peer 1006. Total pieces holding is 20
2020-12-11 05:48:53: Peer 1008 passing HAVE message to the Peer 1009
2020-12-11 05:48:53: Peer 1003 Piece has been received before.
2020-12-11 05:48:53: Peer 1008 passing HAVE message to the Peer 1009
2020-12-11 05:48:53: Peer 1002 Piece has been received before.
2020-12-11 05:48:53: Peer 1008 passing HAVE message to the Peer 1009
2020-12-11 05:48:53: Peer 1001 Piece has been received before.
2020-12-11 05:48:53: Peer 1008 passing HAVE message to the Peer 1009
2020-12-11 05:48:53: Peer 1008 UN-CHOKED by Peer 1007
2020-12-11 05:48:53: Peer 1008 UN-CHOKED by Peer 1004
2020-12-11 05:48:53: Peer 1008 received an INTERESTED message from Peer 1009
2020-12-11 05:48:53: Peer 1008 passing UNCHOKE message to the Peer 1009
2020-12-11 05:48:53: Peer 1005 Piece has been received before.
2020-12-11 05:48:53: Peer 1008 passing HAVE message to the Peer 1009
2020-12-11 05:48:53: Peer 1008 received the piece 20 from Peer 1006. Total pieces holding is 21
2020-12-11 05:48:53: Peer 1008 passing HAVE message to the Peer 1009
2020-12-11 05:48:53: Peer 1003 Piece has been received before.
2020-12-11 05:48:53: Peer 1008 passing HAVE message to the Peer 1009
2020-12-11 05:48:53: Peer 1002 Piece has been received before.
2020-12-11 05:48:53: Peer 1008 passing HAVE message to the Peer 1009
2020-12-11 05:48:54: Peer 1001 Piece has been received before.
2020-12-11 05:48:54: Peer 1008 passing HAVE message to the Peer 1009
2020-12-11 05:48:54: Peer 1008 received the HAVE message by Peer 1007
2020-12-11 05:48:54: Peer 1008 passing INTERESTED message to the Peer 1007
2020-12-11 05:48:54: Peer 1008 received the HAVE message by Peer 1007
2020-12-11 05:48:54: Peer 1008 passing INTERESTED message to the Peer 1007
2020-12-11 05:48:54: Peer 1008 received the HAVE message by Peer 1007
2020-12-11 05:48:54: Peer 1008 passing INTERESTED message to the Peer 1007
2020-12-11 05:48:54: Peer 1008 received the HAVE message by Peer 1007
2020-12-11 05:48:54: Peer 1008 passing INTERESTED message to the Peer 1007
2020-12-11 05:48:54: Peer 1008 received the HAVE message by Peer 1004
2020-12-11 05:48:54: Peer 1008 passing INTERESTED message to the Peer 1004
2020-12-11 05:48:54: Peer 1008 received the HAVE message by Peer 1004
2020-12-11 05:48:54: Peer 1008 passing INTERESTED message to the Peer 1004
2020-12-11 05:48:54: Peer 1008 received the HAVE message by Peer 1007
2020-12-11 05:48:54: Peer 1008 passing INTERESTED message to the Peer 1007
2020-12-11 05:48:54: Peer 1008 received an INTERESTED message from Peer 1009
2020-12-11 05:48:54: Peer 1008 passing UNCHOKE message to the Peer 1009
2020-12-11 05:48:54: Peer 1008 received the piece 21 from Peer 1006. Total pieces holding is 22
2020-12-11 05:48:54: Peer 1008 passing HAVE message to the Peer 1009
2020-12-11 05:48:54: Peer 1005 Piece has been received before.
2020-12-11 05:48:54: Peer 1008 passing HAVE message to the Peer 1009
2020-12-11 05:48:54: Peer 1003 Piece has been received before.
2020-12-11 05:48:54: Peer 1008 passing HAVE message to the Peer 1009
2020-12-11 05:48:54: Peer 1002 Piece has been received before.
2020-12-11 05:48:54: Peer 1008 passing HAVE message to the Peer 1009
2020-12-11 05:48:54: Peer 1001 Piece has been received before.
2020-12-11 05:48:54: Peer 1008 passing HAVE message to the Peer 1009
2020-12-11 05:48:54: Peer 1008 received the HAVE message by Peer 1004
2020-12-11 05:48:54: Peer 1008 passing INTERESTED message to the Peer 1004
2020-12-11 05:48:54: Peer 1008 received the HAVE message by Peer 1004
2020-12-11 05:48:54: Peer 1008 passing INTERESTED message to the Peer 1004
2020-12-11 05:48:54: Peer 1008 received the HAVE message by Peer 1007
2020-12-11 05:48:54: Peer 1008 passing INTERESTED message to the Peer 1007
2020-12-11 05:48:54: Peer 1008 received the HAVE message by Peer 1007
2020-12-11 05:48:54: Peer 1008 passing INTERESTED message to the Peer 1007
2020-12-11 05:48:54: Peer 1008 received the HAVE message by Peer 1007
2020-12-11 05:48:54: Peer 1008 passing INTERESTED message to the Peer 1007
2020-12-11 05:48:54: Peer 1008 received the HAVE message by Peer 1007
2020-12-11 05:48:54: Peer 1008 passing INTERESTED message to the Peer 1007
2020-12-11 05:48:54: Peer 1008 received the HAVE message by Peer 1007
2020-12-11 05:48:54: Peer 1008 passing INTERESTED message to the Peer 1007
2020-12-11 05:48:54: Peer 1008 received the HAVE message by Peer 1007
2020-12-11 05:48:54: Peer 1008 passing INTERESTED message to the Peer 1007
2020-12-11 05:48:54: Peer 1008 received an INTERESTED message from Peer 1009
2020-12-11 05:48:54: Peer 1008 passing UNCHOKE message to the Peer 1009
2020-12-11 05:48:54: Peer 1008 received the piece 22 from Peer 1006. Total pieces holding is 23
2020-12-11 05:48:54: Peer 1008 passing HAVE message to the Peer 1009
2020-12-11 05:48:54: Peer 1005 Piece has been received before.
2020-12-11 05:48:54: Peer 1008 passing HAVE message to the Peer 1009
2020-12-11 05:48:54: Peer 1003 Piece has been received before.
2020-12-11 05:48:54: Peer 1008 passing HAVE message to the Peer 1009
2020-12-11 05:48:54: Peer 1002 Piece has been received before.
2020-12-11 05:48:54: Peer 1008 passing HAVE message to the Peer 1009
2020-12-11 05:48:54: Peer 1001 Piece has been received before.
2020-12-11 05:48:54: Peer 1008 passing HAVE message to the Peer 1009
2020-12-11 05:48:55: Peer 1008 received the HAVE message by Peer 1004
2020-12-11 05:48:55: Peer 1008 passing INTERESTED message to the Peer 1004
2020-12-11 05:48:55: Peer 1008 received the HAVE message by Peer 1004
2020-12-11 05:48:55: Peer 1008 passing INTERESTED message to the Peer 1004
2020-12-11 05:48:55: Peer 1008 UN-CHOKED by Peer 1007
2020-12-11 05:48:55: Peer 1008 received the piece 23 from Peer 1006. Total pieces holding is 24
2020-12-11 05:48:55: Peer 1008 passing HAVE message to the Peer 1009
2020-12-11 05:48:55: Peer 1008 received an INTERESTED message from Peer 1009
2020-12-11 05:48:55: Peer 1008 passing UNCHOKE message to the Peer 1009
2020-12-11 05:48:55: Peer 1005 Piece has been received before.
2020-12-11 05:48:55: Peer 1008 passing HAVE message to the Peer 1009
2020-12-11 05:48:55: Peer 1002 Piece has been received before.
2020-12-11 05:48:55: Peer 1008 passing HAVE message to the Peer 1009
2020-12-11 05:48:55: Peer 1003 Piece has been received before.
2020-12-11 05:48:55: Peer 1008 passing HAVE message to the Peer 1009
2020-12-11 05:48:55: Peer 1001 Piece has been received before.
2020-12-11 05:48:55: Peer 1008 passing HAVE message to the Peer 1009
2020-12-11 05:48:55: Peer 1008 UN-CHOKED by Peer 1004
2020-12-11 05:48:55: Peer 1008 received the HAVE message by Peer 1007
2020-12-11 05:48:55: Peer 1008 passing INTERESTED message to the Peer 1007
2020-12-11 05:48:55: Peer 1008 received the HAVE message by Peer 1007
2020-12-11 05:48:55: Peer 1008 passing INTERESTED message to the Peer 1007
2020-12-11 05:48:55: Peer 1008 received the HAVE message by Peer 1007
2020-12-11 05:48:55: Peer 1008 passing INTERESTED message to the Peer 1007
2020-12-11 05:48:55: Peer 1008 received the piece 24 from Peer 1006. Total pieces holding is 25
2020-12-11 05:48:55: Peer 1008 passing HAVE message to the Peer 1009
2020-12-11 05:48:55: Peer 1008 received an INTERESTED message from Peer 1009
2020-12-11 05:48:55: Peer 1008 passing UNCHOKE message to the Peer 1009
2020-12-11 05:48:55: Peer 1005 Piece has been received before.
2020-12-11 05:48:55: Peer 1008 passing HAVE message to the Peer 1009
2020-12-11 05:48:55: Peer 1002 Piece has been received before.
2020-12-11 05:48:55: Peer 1008 passing HAVE message to the Peer 1009
2020-12-11 05:48:55: Peer 1003 Piece has been received before.
2020-12-11 05:48:55: Peer 1008 passing HAVE message to the Peer 1009
2020-12-11 05:48:55: Peer 1001 Piece has been received before.
2020-12-11 05:48:55: Peer 1008 passing HAVE message to the Peer 1009
2020-12-11 05:48:56: Peer 1008 received the HAVE message by Peer 1004
2020-12-11 05:48:56: Peer 1008 passing INTERESTED message to the Peer 1004
2020-12-11 05:48:56: Peer 1008 UN-CHOKED by Peer 1007
2020-12-11 05:48:56: Peer 1008 received the piece 25 from Peer 1006. Total pieces holding is 26
2020-12-11 05:48:56: Peer 1008 passing HAVE message to the Peer 1009
2020-12-11 05:48:56: Peer 1005 Piece has been received before.
2020-12-11 05:48:56: Peer 1008 passing HAVE message to the Peer 1009
2020-12-11 05:48:56: Peer 1008 received an INTERESTED message from Peer 1009
2020-12-11 05:48:56: Peer 1008 passing UNCHOKE message to the Peer 1009
2020-12-11 05:48:56: Peer 1002 Piece has been received before.
2020-12-11 05:48:56: Peer 1008 passing HAVE message to the Peer 1009
2020-12-11 05:48:56: Peer 1003 Piece has been received before.
2020-12-11 05:48:56: Peer 1008 passing HAVE message to the Peer 1009
2020-12-11 05:48:56: Peer 1001 Piece has been received before.
2020-12-11 05:48:56: Peer 1008 passing HAVE message to the Peer 1009
2020-12-11 05:48:56: Peer 1008 UN-CHOKED by Peer 1004
2020-12-11 05:48:56: Peer 1008 received the HAVE message by Peer 1007
2020-12-11 05:48:56: Peer 1008 passing INTERESTED message to the Peer 1007
2020-12-11 05:48:56: Peer 1008 received the HAVE message by Peer 1007
2020-12-11 05:48:56: Peer 1008 passing INTERESTED message to the Peer 1007
2020-12-11 05:48:56: Peer 1008 received the HAVE message by Peer 1007
2020-12-11 05:48:56: Peer 1008 passing INTERESTED message to the Peer 1007
2020-12-11 05:48:56: Peer 1008 received the piece 26 from Peer 1006. Total pieces holding is 27
2020-12-11 05:48:56: Peer 1008 passing HAVE message to the Peer 1009
2020-12-11 05:48:56: Peer 1008 received an INTERESTED message from Peer 1009
2020-12-11 05:48:56: Peer 1008 passing UNCHOKE message to the Peer 1009
2020-12-11 05:48:56: Peer 1002 Piece has been received before.
2020-12-11 05:48:56: Peer 1008 passing HAVE message to the Peer 1009
2020-12-11 05:48:56: Peer 1003 Piece has been received before.
2020-12-11 05:48:56: Peer 1008 passing HAVE message to the Peer 1009
2020-12-11 05:48:56: Peer 1001 Piece has been received before.
2020-12-11 05:48:56: Peer 1008 passing HAVE message to the Peer 1009
2020-12-11 05:48:57: Peer 1008 received the HAVE message by Peer 1004
2020-12-11 05:48:57: Peer 1008 passing INTERESTED message to the Peer 1004
2020-12-11 05:48:57: Peer 1008 UN-CHOKED by Peer 1007
2020-12-11 05:48:57: Peer 1008 received the piece 27 from Peer 1006. Total pieces holding is 28
2020-12-11 05:48:57: Peer 1008 passing HAVE message to the Peer 1009
2020-12-11 05:48:57: Peer 1002 Piece has been received before.
2020-12-11 05:48:57: Peer 1008 passing HAVE message to the Peer 1009
2020-12-11 05:48:57: Peer 1003 Piece has been received before.
2020-12-11 05:48:57: Peer 1008 passing HAVE message to the Peer 1009
2020-12-11 05:48:57: Peer 1008 received an INTERESTED message from Peer 1009
2020-12-11 05:48:57: Peer 1008 passing UNCHOKE message to the Peer 1009
2020-12-11 05:48:57: Peer 1001 Piece has been received before.
2020-12-11 05:48:57: Peer 1008 passing HAVE message to the Peer 1009
2020-12-11 05:48:57: Peer 1008 UN-CHOKED by Peer 1004
2020-12-11 05:48:57: Peer 1008 received the HAVE message by Peer 1007
2020-12-11 05:48:57: Peer 1008 passing INTERESTED message to the Peer 1007
2020-12-11 05:48:57: Peer 1008 received the HAVE message by Peer 1007
2020-12-11 05:48:57: Peer 1008 passing INTERESTED message to the Peer 1007
2020-12-11 05:48:57: Peer 1008 received the HAVE message by Peer 1007
2020-12-11 05:48:57: Peer 1008 passing INTERESTED message to the Peer 1007
2020-12-11 05:48:57: Peer 1008 received the piece 28 from Peer 1006. Total pieces holding is 29
2020-12-11 05:48:57: Peer 1008 passing HAVE message to the Peer 1009
2020-12-11 05:48:57: Peer 1003 Piece has been received before.
2020-12-11 05:48:57: Peer 1008 passing HAVE message to the Peer 1009
2020-12-11 05:48:57: Peer 1008 received an INTERESTED message from Peer 1009
2020-12-11 05:48:57: Peer 1008 passing UNCHOKE message to the Peer 1009
2020-12-11 05:48:57: Peer 1001 Piece has been received before.
2020-12-11 05:48:57: Peer 1008 passing HAVE message to the Peer 1009
2020-12-11 05:48:58: Peer 1008 received the HAVE message by Peer 1004
2020-12-11 05:48:58: Peer 1008 passing INTERESTED message to the Peer 1004
2020-12-11 05:48:58: Peer 1008 UN-CHOKED by Peer 1007
2020-12-11 05:48:58: Peer 1008 received the piece 29 from Peer 1006. Total pieces holding is 30
2020-12-11 05:48:58: Peer 1008 passing HAVE message to the Peer 1009
2020-12-11 05:48:58: Peer 1003 Piece has been received before.
2020-12-11 05:48:58: Peer 1008 passing HAVE message to the Peer 1009
2020-12-11 05:48:58: Peer 1008 received an INTERESTED message from Peer 1009
2020-12-11 05:48:58: Peer 1008 passing UNCHOKE message to the Peer 1009
2020-12-11 05:48:58: Peer 1001 Piece has been received before.
2020-12-11 05:48:58: Peer 1008 passing HAVE message to the Peer 1009
2020-12-11 05:48:58: Peer 1008 UN-CHOKED by Peer 1004
2020-12-11 05:48:58: Peer 1008 received the HAVE message by Peer 1007
2020-12-11 05:48:58: Peer 1008 passing INTERESTED message to the Peer 1007
2020-12-11 05:48:58: Peer 1008 received the HAVE message by Peer 1007
2020-12-11 05:48:58: Peer 1008 passing INTERESTED message to the Peer 1007
2020-12-11 05:48:58: Peer 1008 received the piece 30 from Peer 1006. Total pieces holding is 31
2020-12-11 05:48:58: Peer 1008 passing HAVE message to the Peer 1009
2020-12-11 05:48:58: Peer 1003 Piece has been received before.
2020-12-11 05:48:58: Peer 1008 passing HAVE message to the Peer 1009
2020-12-11 05:48:58: Peer 1008 received an INTERESTED message from Peer 1009
2020-12-11 05:48:58: Peer 1008 passing UNCHOKE message to the Peer 1009
2020-12-11 05:48:58: Peer 1001 Piece has been received before.
2020-12-11 05:48:58: Peer 1008 passing HAVE message to the Peer 1009
2020-12-11 05:48:59: Peer 1008 received the HAVE message by Peer 1004
2020-12-11 05:48:59: Peer 1008 passing INTERESTED message to the Peer 1004
2020-12-11 05:48:59: Peer 1008 UN-CHOKED by Peer 1007
2020-12-11 05:48:59: Peer 1008 received the piece 31 from Peer 1006. Total pieces holding is 32
2020-12-11 05:48:59: Peer 1008 passing HAVE message to the Peer 1009
2020-12-11 05:48:59: Peer 1008 received an INTERESTED message from Peer 1009
2020-12-11 05:48:59: Peer 1008 passing UNCHOKE message to the Peer 1009
2020-12-11 05:48:59: Peer 1001 Piece has been received before.
2020-12-11 05:48:59: Peer 1008 passing HAVE message to the Peer 1009
2020-12-11 05:48:59: Peer 1008 UN-CHOKED by Peer 1004
2020-12-11 05:48:59: Peer 1008 received the HAVE message by Peer 1007
2020-12-11 05:48:59: Peer 1008 passing INTERESTED message to the Peer 1007
2020-12-11 05:48:59: Peer 1008 received the HAVE message by Peer 1007
2020-12-11 05:48:59: Peer 1008 passing INTERESTED message to the Peer 1007
2020-12-11 05:48:59: Peer 1008 received the piece 32 from Peer 1006. Total pieces holding is 33
2020-12-11 05:48:59: Peer 1008 passing HAVE message to the Peer 1009
2020-12-11 05:48:59: Peer 1008 received the HAVE message by Peer 1005
2020-12-11 05:48:59: Peer 1008 passing NOT INTERESTED message to the Peer 1005
2020-12-11 05:48:59: Peer 1008 received an INTERESTED message from Peer 1009
2020-12-11 05:48:59: Peer 1008 passing UNCHOKE message to the Peer 1009
2020-12-11 05:48:59: Peer 1001 Piece has been received before.
2020-12-11 05:48:59: Peer 1008 passing HAVE message to the Peer 1009
2020-12-11 05:49:00: Peer 1008 received the HAVE message by Peer 1004
2020-12-11 05:49:00: Peer 1008 passing INTERESTED message to the Peer 1004
2020-12-11 05:49:00: Peer 1008 UN-CHOKED by Peer 1007
2020-12-11 05:49:00: Peer 1008 received the piece 33 from Peer 1006. Total pieces holding is 34
2020-12-11 05:49:00: Peer 1008 passing HAVE message to the Peer 1009
2020-12-11 05:49:00: Peer 1008 received the HAVE message by Peer 1005
2020-12-11 05:49:00: Peer 1008 passing NOT INTERESTED message to the Peer 1005
2020-12-11 05:49:00: Peer 1008 received an INTERESTED message from Peer 1009
2020-12-11 05:49:00: Peer 1008 passing UNCHOKE message to the Peer 1009
2020-12-11 05:49:00: Peer 1001 Piece has been received before.
2020-12-11 05:49:00: Peer 1008 passing HAVE message to the Peer 1009
2020-12-11 05:49:00: Peer 1008 received an INTERESTED message from Peer 1009
2020-12-11 05:49:00: Peer 1008 passing UNCHOKE message to the Peer 1009
2020-12-11 05:49:00: Peer 1008 UN-CHOKED by Peer 1004
2020-12-11 05:49:00: Peer 1008 received the HAVE message by Peer 1007
2020-12-11 05:49:00: Peer 1008 passing INTERESTED message to the Peer 1007
2020-12-11 05:49:00: Peer 1008 received the HAVE message by Peer 1007
2020-12-11 05:49:00: Peer 1008 passing INTERESTED message to the Peer 1007
2020-12-11 05:49:00: Peer 1008 received the piece 34 from Peer 1006. Total pieces holding is 35
2020-12-11 05:49:00: Peer 1008 passing HAVE message to the Peer 1009
2020-12-11 05:49:00: Peer 1008 received the HAVE message by Peer 1005
2020-12-11 05:49:00: Peer 1008 passing NOT INTERESTED message to the Peer 1005
2020-12-11 05:49:00: Peer 1001 Piece has been received before.
2020-12-11 05:49:00: Peer 1008 passing HAVE message to the Peer 1009
2020-12-11 05:49:01: Peer 1004 Piece has been received before.
2020-12-11 05:49:01: Peer 1008 passing HAVE message to the Peer 1009
2020-12-11 05:49:01: Peer 1008 UN-CHOKED by Peer 1007
2020-12-11 05:49:01: Peer 1008 received the piece 35 from Peer 1006. Total pieces holding is 36
2020-12-11 05:49:01: Peer 1008 passing HAVE message to the Peer 1009
2020-12-11 05:49:01: Peer 1008 received the HAVE message by Peer 1005
2020-12-11 05:49:01: Peer 1008 passing NOT INTERESTED message to the Peer 1005
2020-12-11 05:49:01: Peer 1001 Piece has been received before.
2020-12-11 05:49:01: Peer 1008 passing HAVE message to the Peer 1009
2020-12-11 05:49:01: Peer 1008 received an INTERESTED message from Peer 1009
2020-12-11 05:49:01: Peer 1008 passing UNCHOKE message to the Peer 1009
2020-12-11 05:49:01: Peer 1004 Piece has been received before.
2020-12-11 05:49:01: Peer 1008 passing HAVE message to the Peer 1009
2020-12-11 05:49:01: Peer 1008 received the HAVE message by Peer 1007
2020-12-11 05:49:01: Peer 1008 passing INTERESTED message to the Peer 1007
2020-12-11 05:49:01: Peer 1008 received the HAVE message by Peer 1007
2020-12-11 05:49:01: Peer 1008 passing INTERESTED message to the Peer 1007
2020-12-11 05:49:01: Peer 1008 received the HAVE message by Peer 1007
2020-12-11 05:49:01: Peer 1008 passing INTERESTED message to the Peer 1007
2020-12-11 05:49:01: Peer 1008 received the piece 36 from Peer 1006. Total pieces holding is 37
2020-12-11 05:49:01: Peer 1008 passing HAVE message to the Peer 1009
2020-12-11 05:49:01: Peer 1008 received the HAVE message by Peer 1005
2020-12-11 05:49:01: Peer 1008 passing NOT INTERESTED message to the Peer 1005
2020-12-11 05:49:01: Peer 1008 received the HAVE message by Peer 1005
2020-12-11 05:49:01: Peer 1008 passing NOT INTERESTED message to the Peer 1005
2020-12-11 05:49:01: Peer 1001 Piece has been received before.
2020-12-11 05:49:01: Peer 1008 passing HAVE message to the Peer 1009
2020-12-11 05:49:02: Peer 1004 Piece has been received before.
2020-12-11 05:49:02: Peer 1008 passing HAVE message to the Peer 1009
2020-12-11 05:49:02: Peer 1008 received the HAVE message by Peer 1007
2020-12-11 05:49:02: Peer 1008 passing INTERESTED message to the Peer 1007
2020-12-11 05:49:02: Peer 1008 received the HAVE message by Peer 1007
2020-12-11 05:49:02: Peer 1008 passing INTERESTED message to the Peer 1007
2020-12-11 05:49:02: Peer 1008 received the HAVE message by Peer 1007
2020-12-11 05:49:02: Peer 1008 passing INTERESTED message to the Peer 1007
2020-12-11 05:49:02: Peer 1008 received the HAVE message by Peer 1007
2020-12-11 05:49:02: Peer 1008 passing INTERESTED message to the Peer 1007
2020-12-11 05:49:02: Peer 1008 received the piece 37 from Peer 1006. Total pieces holding is 38
2020-12-11 05:49:02: Peer 1008 passing HAVE message to the Peer 1009
2020-12-11 05:49:02: Peer 1008 received the HAVE message by Peer 1002
2020-12-11 05:49:02: Peer 1008 passing NOT INTERESTED message to the Peer 1002
2020-12-11 05:49:02: Peer 1008 received the HAVE message by Peer 1005
2020-12-11 05:49:02: Peer 1008 passing NOT INTERESTED message to the Peer 1005
2020-12-11 05:49:02: Peer 1008 received the HAVE message by Peer 1005
2020-12-11 05:49:02: Peer 1008 passing NOT INTERESTED message to the Peer 1005
2020-12-11 05:49:02: Peer 1001 Piece has been received before.
2020-12-11 05:49:02: Peer 1008 passing HAVE message to the Peer 1009
2020-12-11 05:49:02: Peer 1008 received an INTERESTED message from Peer 1009
2020-12-11 05:49:02: Peer 1008 passing UNCHOKE message to the Peer 1009
2020-12-11 05:49:02: Peer 1004 Piece has been received before.
2020-12-11 05:49:02: Peer 1008 passing HAVE message to the Peer 1009
2020-12-11 05:49:02: Peer 1008 received the HAVE message by Peer 1007
2020-12-11 05:49:02: Peer 1008 passing INTERESTED message to the Peer 1007
2020-12-11 05:49:02: Peer 1008 received the HAVE message by Peer 1007
2020-12-11 05:49:02: Peer 1008 passing INTERESTED message to the Peer 1007
2020-12-11 05:49:02: Peer 1008 received the HAVE message by Peer 1007
2020-12-11 05:49:02: Peer 1008 passing INTERESTED message to the Peer 1007
2020-12-11 05:49:02: Peer 1008 received the HAVE message by Peer 1007
2020-12-11 05:49:02: Peer 1008 passing INTERESTED message to the Peer 1007
2020-12-11 05:49:02: Peer 1008 received the piece 38 from Peer 1006. Total pieces holding is 39
2020-12-11 05:49:02: Peer 1008 passing HAVE message to the Peer 1009
2020-12-11 05:49:02: Peer 1008 received the HAVE message by Peer 1002
2020-12-11 05:49:02: Peer 1008 passing NOT INTERESTED message to the Peer 1002
2020-12-11 05:49:02: Peer 1008 received the HAVE message by Peer 1005
2020-12-11 05:49:02: Peer 1008 passing NOT INTERESTED message to the Peer 1005
2020-12-11 05:49:02: Peer 1001 Piece has been received before.
2020-12-11 05:49:02: Peer 1008 passing HAVE message to the Peer 1009
2020-12-11 05:49:02: Peer 1008 received an INTERESTED message from Peer 1009
2020-12-11 05:49:02: Peer 1008 passing UNCHOKE message to the Peer 1009
2020-12-11 05:49:02: Peer 1004 Piece has been received before.
2020-12-11 05:49:02: Peer 1008 passing HAVE message to the Peer 1009
2020-12-11 05:49:03: Peer 1008 UN-CHOKED by Peer 1007
2020-12-11 05:49:03: Peer 1008 received the piece 39 from Peer 1006. Total pieces holding is 40
2020-12-11 05:49:03: Peer 1008 passing HAVE message to the Peer 1009
2020-12-11 05:49:03: Peer 1008 received the HAVE message by Peer 1002
2020-12-11 05:49:03: Peer 1008 passing NOT INTERESTED message to the Peer 1002
2020-12-11 05:49:03: Peer 1001 Piece has been received before.
2020-12-11 05:49:03: Peer 1008 passing HAVE message to the Peer 1009
2020-12-11 05:49:03: Peer 1008 received an INTERESTED message from Peer 1009
2020-12-11 05:49:03: Peer 1008 passing UNCHOKE message to the Peer 1009
2020-12-11 05:49:03: Peer 1004 Piece has been received before.
2020-12-11 05:49:03: Peer 1008 passing HAVE message to the Peer 1009
2020-12-11 05:49:03: Peer 1008 received the HAVE message by Peer 1007
2020-12-11 05:49:03: Peer 1008 passing INTERESTED message to the Peer 1007
2020-12-11 05:49:03: Peer 1008 received the HAVE message by Peer 1007
2020-12-11 05:49:03: Peer 1008 passing INTERESTED message to the Peer 1007
2020-12-11 05:49:03: Peer 1008 received the HAVE message by Peer 1007
2020-12-11 05:49:03: Peer 1008 passing INTERESTED message to the Peer 1007
2020-12-11 05:49:03: Peer 1008 received the piece 40 from Peer 1006. Total pieces holding is 41
2020-12-11 05:49:03: Peer 1008 passing HAVE message to the Peer 1009
2020-12-11 05:49:03: Peer 1008 received the HAVE message by Peer 1002
2020-12-11 05:49:03: Peer 1008 passing NOT INTERESTED message to the Peer 1002
2020-12-11 05:49:03: Peer 1001 Piece has been received before.
2020-12-11 05:49:03: Peer 1008 passing HAVE message to the Peer 1009
2020-12-11 05:49:03: Peer 1008 received an INTERESTED message from Peer 1009
2020-12-11 05:49:03: Peer 1008 passing UNCHOKE message to the Peer 1009
2020-12-11 05:49:03: Peer 1004 Piece has been received before.
2020-12-11 05:49:03: Peer 1008 passing HAVE message to the Peer 1009
2020-12-11 05:49:04: Peer 1008 UN-CHOKED by Peer 1007
2020-12-11 05:49:04: Peer 1008 received the piece 41 from Peer 1006. Total pieces holding is 42
2020-12-11 05:49:04: Peer 1008 passing HAVE message to the Peer 1009
2020-12-11 05:49:04: Peer 1008 received the HAVE message by Peer 1002
2020-12-11 05:49:04: Peer 1008 passing NOT INTERESTED message to the Peer 1002
2020-12-11 05:49:04: Peer 1001 Piece has been received before.
2020-12-11 05:49:04: Peer 1008 passing HAVE message to the Peer 1009
2020-12-11 05:49:04: Peer 1008 received an INTERESTED message from Peer 1009
2020-12-11 05:49:04: Peer 1008 passing UNCHOKE message to the Peer 1009
2020-12-11 05:49:04: Peer 1004 Piece has been received before.
2020-12-11 05:49:04: Peer 1008 passing HAVE message to the Peer 1009
2020-12-11 05:49:04: Peer 1008 received the piece 42 from Peer 1006. Total pieces holding is 43
2020-12-11 05:49:04: Peer 1008 passing HAVE message to the Peer 1009
2020-12-11 05:49:04: Peer 1008 received the HAVE message by Peer 1007
2020-12-11 05:49:04: Peer 1008 passing INTERESTED message to the Peer 1007
2020-12-11 05:49:04: Peer 1008 received the HAVE message by Peer 1007
2020-12-11 05:49:04: Peer 1008 passing INTERESTED message to the Peer 1007
2020-12-11 05:49:04: Peer 1008 received the HAVE message by Peer 1002
2020-12-11 05:49:04: Peer 1008 passing NOT INTERESTED message to the Peer 1002
2020-12-11 05:49:04: Peer 1001 Piece has been received before.
2020-12-11 05:49:04: Peer 1008 passing HAVE message to the Peer 1009
2020-12-11 05:49:04: Peer 1008 received an INTERESTED message from Peer 1009
2020-12-11 05:49:04: Peer 1008 passing UNCHOKE message to the Peer 1009
2020-12-11 05:49:04: Peer 1004 Piece has been received before.
2020-12-11 05:49:04: Peer 1008 passing HAVE message to the Peer 1009
2020-12-11 05:49:05: Peer 1008 received the piece 43 from Peer 1006. Total pieces holding is 44
2020-12-11 05:49:05: Peer 1008 passing HAVE message to the Peer 1009
2020-12-11 05:49:05: Peer 1008 received the HAVE message by Peer 1007
2020-12-11 05:49:05: Peer 1008 passing INTERESTED message to the Peer 1007
2020-12-11 05:49:05: Peer 1008 received the HAVE message by Peer 1007
2020-12-11 05:49:05: Peer 1008 passing INTERESTED message to the Peer 1007
2020-12-11 05:49:05: Peer 1008 received the HAVE message by Peer 1007
2020-12-11 05:49:05: Peer 1008 passing INTERESTED message to the Peer 1007
2020-12-11 05:49:05: Peer 1008 received the HAVE message by Peer 1002
2020-12-11 05:49:05: Peer 1008 passing NOT INTERESTED message to the Peer 1002
2020-12-11 05:49:05: Peer 1001 Piece has been received before.
2020-12-11 05:49:05: Peer 1008 passing HAVE message to the Peer 1009
2020-12-11 05:49:05: Peer 1004 Piece has been received before.
2020-12-11 05:49:05: Peer 1008 passing HAVE message to the Peer 1009
2020-12-11 05:49:05: Peer 1008 received an INTERESTED message from Peer 1009
2020-12-11 05:49:05: Peer 1008 passing UNCHOKE message to the Peer 1009
2020-12-11 05:49:05: Peer 1008 received the piece 44 from Peer 1006. Total pieces holding is 45
2020-12-11 05:49:05: Peer 1008 passing HAVE message to the Peer 1009
2020-12-11 05:49:05: Peer 1008 received the HAVE message by Peer 1007
2020-12-11 05:49:05: Peer 1008 passing INTERESTED message to the Peer 1007
2020-12-11 05:49:05: Peer 1008 received the HAVE message by Peer 1007
2020-12-11 05:49:05: Peer 1008 passing INTERESTED message to the Peer 1007
2020-12-11 05:49:05: Peer 1008 received the HAVE message by Peer 1007
2020-12-11 05:49:05: Peer 1008 passing INTERESTED message to the Peer 1007
2020-12-11 05:49:05: Peer 1008 received the HAVE message by Peer 1002
2020-12-11 05:49:05: Peer 1008 passing NOT INTERESTED message to the Peer 1002
2020-12-11 05:49:05: Peer 1001 Piece has been received before.
2020-12-11 05:49:05: Peer 1008 passing HAVE message to the Peer 1009
2020-12-11 05:49:06: Peer 1008 received the piece 45 from Peer 1006. Total pieces holding is 46
2020-12-11 05:49:06: Peer 1008 passing HAVE message to the Peer 1009
2020-12-11 05:49:06: Peer 1008 received the HAVE message by Peer 1007
2020-12-11 05:49:06: Peer 1008 passing INTERESTED message to the Peer 1007
2020-12-11 05:49:06: Peer 1008 received the HAVE message by Peer 1007
2020-12-11 05:49:06: Peer 1008 passing INTERESTED message to the Peer 1007
2020-12-11 05:49:06: Peer 1008 received the HAVE message by Peer 1007
2020-12-11 05:49:06: Peer 1008 passing INTERESTED message to the Peer 1007
2020-12-11 05:49:06: Peer 1008 received the HAVE message by Peer 1002
2020-12-11 05:49:06: Peer 1008 passing NOT INTERESTED message to the Peer 1002
2020-12-11 05:49:06: Peer 1001 Piece has been received before.
2020-12-11 05:49:06: Peer 1008 passing HAVE message to the Peer 1009
2020-12-11 05:49:06: Peer 1008 received an INTERESTED message from Peer 1009
2020-12-11 05:49:06: Peer 1008 passing UNCHOKE message to the Peer 1009
2020-12-11 05:49:07: Peer 1008 received the piece 46 from Peer 1006. Total pieces holding is 47
2020-12-11 05:49:07: Peer 1008 passing HAVE message to the Peer 1009
2020-12-11 05:49:07: Peer 1008 received the HAVE message by Peer 1007
2020-12-11 05:49:07: Peer 1008 passing INTERESTED message to the Peer 1007
2020-12-11 05:49:07: Peer 1008 received the HAVE message by Peer 1007
2020-12-11 05:49:07: Peer 1008 passing INTERESTED message to the Peer 1007
2020-12-11 05:49:07: Peer 1008 received the HAVE message by Peer 1007
2020-12-11 05:49:07: Peer 1008 passing INTERESTED message to the Peer 1007
2020-12-11 05:49:07: Peer 1008 received the HAVE message by Peer 1002
2020-12-11 05:49:07: Peer 1008 passing NOT INTERESTED message to the Peer 1002
2020-12-11 05:49:07: Peer 1001 Piece has been received before.
2020-12-11 05:49:07: Peer 1008 passing HAVE message to the Peer 1009
2020-12-11 05:49:07: Peer 1008 received the piece 47 from Peer 1006. Total pieces holding is 48
2020-12-11 05:49:07: Peer 1008 passing HAVE message to the Peer 1009
2020-12-11 05:49:07: Peer 1008 received the HAVE message by Peer 1007
2020-12-11 05:49:07: Peer 1008 passing INTERESTED message to the Peer 1007
2020-12-11 05:49:07: Peer 1008 received the HAVE message by Peer 1007
2020-12-11 05:49:07: Peer 1008 passing INTERESTED message to the Peer 1007
2020-12-11 05:49:07: Peer 1008 received the HAVE message by Peer 1007
2020-12-11 05:49:07: Peer 1008 passing INTERESTED message to the Peer 1007
2020-12-11 05:49:07: Peer 1008 received the HAVE message by Peer 1002
2020-12-11 05:49:07: Peer 1008 passing NOT INTERESTED message to the Peer 1002
2020-12-11 05:49:07: Peer 1001 Piece has been received before.
2020-12-11 05:49:07: Peer 1008 passing HAVE message to the Peer 1009
2020-12-11 05:49:07: Peer 1008 received an INTERESTED message from Peer 1009
2020-12-11 05:49:07: Peer 1008 passing UNCHOKE message to the Peer 1009
2020-12-11 05:49:08: Peer 1008 received the piece 48 from Peer 1006. Total pieces holding is 49
2020-12-11 05:49:08: Peer 1008 passing HAVE message to the Peer 1009
2020-12-11 05:49:08: Peer 1008 received the HAVE message by Peer 1007
2020-12-11 05:49:08: Peer 1008 passing INTERESTED message to the Peer 1007
2020-12-11 05:49:08: Peer 1008 received the HAVE message by Peer 1007
2020-12-11 05:49:08: Peer 1008 passing INTERESTED message to the Peer 1007
2020-12-11 05:49:08: Peer 1008 received the HAVE message by Peer 1007
2020-12-11 05:49:08: Peer 1008 passing INTERESTED message to the Peer 1007
2020-12-11 05:49:08: Peer 1008 received the HAVE message by Peer 1002
2020-12-11 05:49:08: Peer 1008 passing NOT INTERESTED message to the Peer 1002
2020-12-11 05:49:08: Peer 1001 Piece has been received before.
2020-12-11 05:49:08: Peer 1008 passing HAVE message to the Peer 1009
2020-12-11 05:49:08: Peer 1008 received the piece 49 from Peer 1006. Total pieces holding is 50
2020-12-11 05:49:08: Peer 1008 passing HAVE message to the Peer 1009
2020-12-11 05:49:08: Peer 1008 UN-CHOKED by Peer 1007
2020-12-11 05:49:08: Peer 1008 received the HAVE message by Peer 1002
2020-12-11 05:49:08: Peer 1008 passing NOT INTERESTED message to the Peer 1002
2020-12-11 05:49:08: Peer 1001 Piece has been received before.
2020-12-11 05:49:08: Peer 1008 passing HAVE message to the Peer 1009
2020-12-11 05:49:08: Peer 1008 received an INTERESTED message from Peer 1009
2020-12-11 05:49:08: Peer 1008 passing UNCHOKE message to the Peer 1009
2020-12-11 05:49:08: Peer 1008 received the piece 50 from Peer 1006. Total pieces holding is 51
2020-12-11 05:49:08: Peer 1008 passing HAVE message to the Peer 1009
2020-12-11 05:49:09: Peer 1008 received the HAVE message by Peer 1007
2020-12-11 05:49:09: Peer 1008 passing INTERESTED message to the Peer 1007
2020-12-11 05:49:09: Peer 1008 received the HAVE message by Peer 1007
2020-12-11 05:49:09: Peer 1008 passing INTERESTED message to the Peer 1007
2020-12-11 05:49:09: Peer 1008 received the HAVE message by Peer 1002
2020-12-11 05:49:09: Peer 1008 passing NOT INTERESTED message to the Peer 1002
2020-12-11 05:49:09: Peer 1001 Piece has been received before.
2020-12-11 05:49:09: Peer 1008 passing HAVE message to the Peer 1009
2020-12-11 05:49:09: Peer 1008 received an INTERESTED message from Peer 1009
2020-12-11 05:49:09: Peer 1008 passing UNCHOKE message to the Peer 1009
2020-12-11 05:49:09: Peer 1008 received the piece 51 from Peer 1006. Total pieces holding is 52
2020-12-11 05:49:09: Peer 1008 passing HAVE message to the Peer 1009
2020-12-11 05:49:09: Peer 1008 UN-CHOKED by Peer 1007
2020-12-11 05:49:09: Peer 1008 received the HAVE message by Peer 1002
2020-12-11 05:49:09: Peer 1008 passing NOT INTERESTED message to the Peer 1002
2020-12-11 05:49:09: Peer 1001 Piece has been received before.
2020-12-11 05:49:09: Peer 1008 passing HAVE message to the Peer 1009
2020-12-11 05:49:09: Peer 1008 received an INTERESTED message from Peer 1009
2020-12-11 05:49:09: Peer 1008 passing UNCHOKE message to the Peer 1009
2020-12-11 05:49:09: Peer 1008 received the piece 52 from Peer 1006. Total pieces holding is 53
2020-12-11 05:49:09: Peer 1008 passing HAVE message to the Peer 1009
2020-12-11 05:49:10: Peer 1008 received the HAVE message by Peer 1007
2020-12-11 05:49:10: Peer 1008 passing INTERESTED message to the Peer 1007
2020-12-11 05:49:10: Peer 1008 received the HAVE message by Peer 1007
2020-12-11 05:49:10: Peer 1008 passing INTERESTED message to the Peer 1007
2020-12-11 05:49:10: Peer 1008 received the HAVE message by Peer 1002
2020-12-11 05:49:10: Peer 1008 passing NOT INTERESTED message to the Peer 1002
2020-12-11 05:49:10: Peer 1001 Piece has been received before.
2020-12-11 05:49:10: Peer 1008 passing HAVE message to the Peer 1009
2020-12-11 05:49:10: Peer 1008 received an INTERESTED message from Peer 1009
2020-12-11 05:49:10: Peer 1008 passing UNCHOKE message to the Peer 1009
2020-12-11 05:49:10: Peer 1008 received the piece 53 from Peer 1006. Total pieces holding is 54
2020-12-11 05:49:10: Peer 1008 passing HAVE message to the Peer 1009
2020-12-11 05:49:10: Peer 1008 UN-CHOKED by Peer 1007
2020-12-11 05:49:10: Peer 1008 received the HAVE message by Peer 1002
2020-12-11 05:49:10: Peer 1008 passing NOT INTERESTED message to the Peer 1002
2020-12-11 05:49:10: Peer 1001 Piece has been received before.
2020-12-11 05:49:10: Peer 1008 passing HAVE message to the Peer 1009
2020-12-11 05:49:10: Peer 1008 received an INTERESTED message from Peer 1009
2020-12-11 05:49:10: Peer 1008 passing UNCHOKE message to the Peer 1009
2020-12-11 05:49:10: Peer 1008 received the piece 54 from Peer 1006. Total pieces holding is 55
2020-12-11 05:49:10: Peer 1008 passing HAVE message to the Peer 1009
2020-12-11 05:49:10: Peer 1008 received an INTERESTED message from Peer 1009
2020-12-11 05:49:10: Peer 1008 passing UNCHOKE message to the Peer 1009
2020-12-11 05:49:11: Peer 1008 received the HAVE message by Peer 1007
2020-12-11 05:49:11: Peer 1008 passing INTERESTED message to the Peer 1007
2020-12-11 05:49:11: Peer 1008 received the HAVE message by Peer 1007
2020-12-11 05:49:11: Peer 1008 passing INTERESTED message to the Peer 1007
2020-12-11 05:49:11: Peer 1008 received the HAVE message by Peer 1002
2020-12-11 05:49:11: Peer 1008 passing NOT INTERESTED message to the Peer 1002
2020-12-11 05:49:11: Peer 1001 Piece has been received before.
2020-12-11 05:49:11: Peer 1008 passing HAVE message to the Peer 1009
2020-12-11 05:49:11: Peer 1008 received the piece 55 from Peer 1006. Total pieces holding is 56
2020-12-11 05:49:11: Peer 1008 passing HAVE message to the Peer 1009
2020-12-11 05:49:11: Peer 1008 UN-CHOKED by Peer 1007
2020-12-11 05:49:11: Peer 1001 Piece has been received before.
2020-12-11 05:49:11: Peer 1008 passing HAVE message to the Peer 1009
2020-12-11 05:49:11: Peer 1008 received the piece 56 from Peer 1006. Total pieces holding is 57
2020-12-11 05:49:11: Peer 1008 passing HAVE message to the Peer 1009
2020-12-11 05:49:11: Peer 1008 received an INTERESTED message from Peer 1009
2020-12-11 05:49:11: Peer 1008 passing UNCHOKE message to the Peer 1009
2020-12-11 05:49:12: Peer 1008 received the HAVE message by Peer 1007
2020-12-11 05:49:12: Peer 1008 passing INTERESTED message to the Peer 1007
2020-12-11 05:49:12: Peer 1008 received the HAVE message by Peer 1007
2020-12-11 05:49:12: Peer 1008 passing INTERESTED message to the Peer 1007
2020-12-11 05:49:12: Peer 1008 received the HAVE message by Peer 1003
2020-12-11 05:49:12: Peer 1008 passing NOT INTERESTED message to the Peer 1003
2020-12-11 05:49:12: Peer 1001 Piece has been received before.
2020-12-11 05:49:12: Peer 1008 passing HAVE message to the Peer 1009
2020-12-11 05:49:12: Peer 1008 received the HAVE message by Peer 1004
2020-12-11 05:49:12: Peer 1008 passing NOT INTERESTED message to the Peer 1004
2020-12-11 05:49:12: Peer 1008 received the piece 57 from Peer 1006. Total pieces holding is 58
2020-12-11 05:49:12: Peer 1008 passing HAVE message to the Peer 1009
2020-12-11 05:49:12: Peer 1008 UN-CHOKED by Peer 1007
2020-12-11 05:49:12: Peer 1008 received the HAVE message by Peer 1003
2020-12-11 05:49:12: Peer 1008 passing NOT INTERESTED message to the Peer 1003
2020-12-11 05:49:12: Peer 1001 Piece has been received before.
2020-12-11 05:49:12: Peer 1008 passing HAVE message to the Peer 1009
2020-12-11 05:49:12: Peer 1008 received the HAVE message by Peer 1004
2020-12-11 05:49:12: Peer 1008 passing NOT INTERESTED message to the Peer 1004
2020-12-11 05:49:12: Peer 1008 received the piece 58 from Peer 1006. Total pieces holding is 59
2020-12-11 05:49:12: Peer 1008 passing HAVE message to the Peer 1009
2020-12-11 05:49:12: Peer 1008 received an INTERESTED message from Peer 1009
2020-12-11 05:49:12: Peer 1008 passing UNCHOKE message to the Peer 1009
2020-12-11 05:49:13: Peer 1008 received the HAVE message by Peer 1007
2020-12-11 05:49:13: Peer 1008 passing INTERESTED message to the Peer 1007
2020-12-11 05:49:13: Peer 1008 received the HAVE message by Peer 1007
2020-12-11 05:49:13: Peer 1008 passing INTERESTED message to the Peer 1007
2020-12-11 05:49:13: Peer 1008 received the HAVE message by Peer 1003
2020-12-11 05:49:13: Peer 1008 passing NOT INTERESTED message to the Peer 1003
2020-12-11 05:49:13: Peer 1001 Piece has been received before.
2020-12-11 05:49:13: Peer 1008 passing HAVE message to the Peer 1009
2020-12-11 05:49:13: Peer 1008 received the HAVE message by Peer 1004
2020-12-11 05:49:13: Peer 1008 passing NOT INTERESTED message to the Peer 1004
2020-12-11 05:49:13: Peer 1008 received the piece 59 from Peer 1006. Total pieces holding is 60
2020-12-11 05:49:13: Peer 1008 passing HAVE message to the Peer 1009
2020-12-11 05:49:13: Peer 1008 UN-CHOKED by Peer 1007
2020-12-11 05:49:13: Peer 1008 received the HAVE message by Peer 1003
2020-12-11 05:49:13: Peer 1008 passing NOT INTERESTED message to the Peer 1003
2020-12-11 05:49:13: Peer 1001 Piece has been received before.
2020-12-11 05:49:13: Peer 1008 passing HAVE message to the Peer 1009
2020-12-11 05:49:13: Peer 1008 received the HAVE message by Peer 1004
2020-12-11 05:49:13: Peer 1008 passing NOT INTERESTED message to the Peer 1004
2020-12-11 05:49:13: Peer 1008 received the piece 60 from Peer 1006. Total pieces holding is 61
2020-12-11 05:49:13: Peer 1008 passing HAVE message to the Peer 1009
2020-12-11 05:49:13: Peer 1008 received an INTERESTED message from Peer 1009
2020-12-11 05:49:13: Peer 1008 passing UNCHOKE message to the Peer 1009
2020-12-11 05:49:14: Peer 1008 received the HAVE message by Peer 1007
2020-12-11 05:49:14: Peer 1008 passing INTERESTED message to the Peer 1007
2020-12-11 05:49:14: Peer 1008 received the HAVE message by Peer 1007
2020-12-11 05:49:14: Peer 1008 passing INTERESTED message to the Peer 1007
2020-12-11 05:49:14: Peer 1008 received the HAVE message by Peer 1003
2020-12-11 05:49:14: Peer 1008 passing NOT INTERESTED message to the Peer 1003
2020-12-11 05:49:14: Peer 1001 Piece has been received before.
2020-12-11 05:49:14: Peer 1008 passing HAVE message to the Peer 1009
2020-12-11 05:49:14: Peer 1008 received the HAVE message by Peer 1004
2020-12-11 05:49:14: Peer 1008 passing NOT INTERESTED message to the Peer 1004
2020-12-11 05:49:14: Peer 1008 received the piece 61 from Peer 1006. Total pieces holding is 62
2020-12-11 05:49:14: Peer 1008 passing HAVE message to the Peer 1009
2020-12-11 05:49:14: Peer 1008 UN-CHOKED by Peer 1007
2020-12-11 05:49:14: Peer 1008 received the HAVE message by Peer 1003
2020-12-11 05:49:14: Peer 1008 passing NOT INTERESTED message to the Peer 1003
2020-12-11 05:49:14: Peer 1001 Piece has been received before.
2020-12-11 05:49:14: Peer 1008 passing HAVE message to the Peer 1009
2020-12-11 05:49:14: Peer 1008 received the HAVE message by Peer 1004
2020-12-11 05:49:14: Peer 1008 passing NOT INTERESTED message to the Peer 1004
2020-12-11 05:49:14: Peer 1008 received the piece 62 from Peer 1006. Total pieces holding is 63
2020-12-11 05:49:14: Peer 1008 passing HAVE message to the Peer 1009
2020-12-11 05:49:14: Peer 1008 received an INTERESTED message from Peer 1009
2020-12-11 05:49:14: Peer 1008 passing UNCHOKE message to the Peer 1009
2020-12-11 05:49:15: Peer 1008 received the HAVE message by Peer 1007
2020-12-11 05:49:15: Peer 1008 passing INTERESTED message to the Peer 1007
2020-12-11 05:49:15: Peer 1008 received the HAVE message by Peer 1007
2020-12-11 05:49:15: Peer 1008 passing INTERESTED message to the Peer 1007
2020-12-11 05:49:15: Peer 1008 received the HAVE message by Peer 1003
2020-12-11 05:49:15: Peer 1008 passing NOT INTERESTED message to the Peer 1003
2020-12-11 05:49:15: Peer 1001 Piece has been received before.
2020-12-11 05:49:15: Peer 1008 passing HAVE message to the Peer 1009
2020-12-11 05:49:15: Peer 1008 received the HAVE message by Peer 1004
2020-12-11 05:49:15: Peer 1008 passing NOT INTERESTED message to the Peer 1004
2020-12-11 05:49:15: Peer 1008 received the piece 63 from Peer 1006. Total pieces holding is 64
2020-12-11 05:49:15: Peer 1008 passing HAVE message to the Peer 1009
2020-12-11 05:49:15: Peer 1008 received the HAVE message by Peer 1003
2020-12-11 05:49:15: Peer 1008 passing NOT INTERESTED message to the Peer 1003
2020-12-11 05:49:15: Peer 1008 UN-CHOKED by Peer 1007
2020-12-11 05:49:15: Peer 1001 Piece has been received before.
2020-12-11 05:49:15: Peer 1008 passing HAVE message to the Peer 1009
2020-12-11 05:49:15: Peer 1008 received the HAVE message by Peer 1004
2020-12-11 05:49:15: Peer 1008 passing NOT INTERESTED message to the Peer 1004
2020-12-11 05:49:15: Peer 1008 received the piece 64 from Peer 1006. Total pieces holding is 65
2020-12-11 05:49:15: Peer 1008 passing HAVE message to the Peer 1009
2020-12-11 05:49:15: Peer 1008 received an INTERESTED message from Peer 1009
2020-12-11 05:49:15: Peer 1008 passing UNCHOKE message to the Peer 1009
2020-12-11 05:49:16: Peer 1008 received the HAVE message by Peer 1003
2020-12-11 05:49:16: Peer 1008 passing NOT INTERESTED message to the Peer 1003
2020-12-11 05:49:16: Peer 1007 Piece has been received before.
2020-12-11 05:49:16: Peer 1008 passing HAVE message to the Peer 1009
2020-12-11 05:49:16: Peer 1001 Piece has been received before.
2020-12-11 05:49:16: Peer 1008 passing HAVE message to the Peer 1009
2020-12-11 05:49:16: Peer 1008 received the HAVE message by Peer 1004
2020-12-11 05:49:16: Peer 1008 passing NOT INTERESTED message to the Peer 1004
2020-12-11 05:49:16: Peer 1008 received the piece 65 from Peer 1006. Total pieces holding is 66
2020-12-11 05:49:16: Peer 1008 passing HAVE message to the Peer 1009
2020-12-11 05:49:16: Peer 1007 Piece has been received before.
2020-12-11 05:49:16: Peer 1008 passing HAVE message to the Peer 1009
2020-12-11 05:49:16: Peer 1008 received the HAVE message by Peer 1005
2020-12-11 05:49:16: Peer 1008 passing NOT INTERESTED message to the Peer 1005
2020-12-11 05:49:16: Peer 1001 Piece has been received before.
2020-12-11 05:49:16: Peer 1008 passing HAVE message to the Peer 1009
2020-12-11 05:49:16: Peer 1008 received the HAVE message by Peer 1004
2020-12-11 05:49:16: Peer 1008 passing NOT INTERESTED message to the Peer 1004
2020-12-11 05:49:16: Peer 1008 received the piece 66 from Peer 1006. Total pieces holding is 67
2020-12-11 05:49:16: Peer 1008 RECEIVED the whole file.
2020-12-11 05:49:16: Peer 1008 passing HAVE message to the Peer 1009
2020-12-11 05:49:16: Peer 1008 received an INTERESTED message from Peer 1009
2020-12-11 05:49:16: Peer 1008 passing UNCHOKE message to the Peer 1009
2020-12-11 05:49:17: Peer 1001 Piece has been received before.
2020-12-11 05:49:17: Peer 1008 passing HAVE message to the Peer 1009
2020-12-11 05:49:17: Peer 1008 received an INTERESTED message from Peer 1009
2020-12-11 05:49:17: Peer 1008 passing UNCHOKE message to the Peer 1009
2020-12-11 05:49:18: Peer 1008 received a REQUEST message from Peer 1009
2020-12-11 05:49:18: Peer 1008 transferring the piece 63 to the Peer 1009
2020-12-11 05:49:18: Peer 1008 received a REQUEST message from Peer 1009
2020-12-11 05:49:18: Peer 1008 transferring the piece 64 to the Peer 1009
2020-12-11 05:49:19: Peer 1008 received a REQUEST message from Peer 1009
2020-12-11 05:49:19: Peer 1008 transferring the piece 65 to the Peer 1009
2020-12-11 05:49:19: Peer 1008 received a REQUEST message from Peer 1009
2020-12-11 05:49:19: Peer 1008 transferring the piece 66 to the Peer 1009
2020-12-11 05:49:37: Peer All peers have finished downloading the file.
2020-12-11 05:49:39: Peer 1008 Peer process will exit now
